[35m[Appium][39m Welcome to Appium v1.8.1
[35m[Appium][39m Non-default server args:
[35m[Appium][39m   port: 61858
[35m[Appium][39m   chromeDriverPort: 61859
[35m[Appium][39m   tmpDir: C:\Users\SEHATI~1\AppData\Local\Temp\\Katalon\Appium\Temp1560246937243
[35m[Appium][39m Appium REST http interface listener started on 0.0.0.0:61858
[35m[HTTP][39m [37m-->[39m [37mGET[39m [37m/wd/hub/status[39m
[35m[HTTP][39m [90m{}[39m
[debug] [35m[MJSONWP][39m Calling AppiumDriver.getStatus() with args: []
[debug] [35m[MJSONWP][39m Responding to client with driver.getStatus() result: {"build":{"version":"1.8.1","revision":null}}
[35m[HTTP][39m [37m<-- GET /wd/hub/status [39m[32m200[39m [90m34 ms - 83[39m
[35m[HTTP][39m [90m[39m
[35m[HTTP][39m [37m-->[39m [37mPOST[39m [37m/wd/hub/session[39m
[35m[HTTP][39m [90m{"desiredCapabilities":{"app":"C:\\Users\\Sehati - Bedha\\Documents\\StandAlone\\app-universal-debug.apk","autoGrantPermissions":true,"deviceId":"","deviceName":"samsung SM-G532G (Android 6.0.1)","fullReset":true,"newCommandTimeout":1800,"noReset":false,"platform":"ANDROID","platformName":"Android","udid":"42000e6497f21503"},"capabilities":{"desiredCapabilities":{"app":"C:\\Users\\Sehati - Bedha\\Documents\\StandAlone\\app-universal-debug.apk","autoGrantPermissions":true,"deviceId":"","deviceName":"samsung SM-G532G (Android 6.0.1)","fullReset":true,"newCommandTimeout":1800,"noReset":false,"platform":"ANDROID","platformName":"Android","udid":"42000e6497f21503"},"firstMatch":[{"platformName":"android"}]}}[39m
[debug] [35m[MJSONWP][39m Calling AppiumDriver.createSession() with args: [{"app":"C:\\Users\\Sehati - Bedha\\Documents\\StandAlone\\app-universal-debug.apk","autoGrantPermissions":true,"deviceId":"","deviceName":"samsung SM-G532G (Android 6.0.1)","fullReset":true,"newCommandTimeout":1800,"noReset":false,"platform":"ANDROID","platformName":"Android","udid":"42000e6497f21503"},null,{"desiredCapabilities":{"app":"C:\\Users\\Sehati - Bedha\\Documents\\StandAlone\\app-universal-debug.apk","autoGrantPermissions":true,"deviceId":"","deviceName":"samsung SM-G532G (Android 6.0.1)","fullReset":true,"newCommandTimeout":1800,"noReset":false,"platform":"ANDROID","platformName":"Android","udid":"42000e6497f21503"},"firstMatch":[{"platformName":"android"}]}]
[debug] [35m[BaseDriver][39m Event 'newSessionRequested' logged at 1560246944551 (16:55:44 GMT+0700 (Western Indonesia Time))
[35m[Appium][39m Could not parse W3C capabilities: 'deviceName' can't be blank. Falling back to JSONWP protocol.
[35m[Appium][39m The following capabilities were provided in the JSONWP desired capabilities that are missing in W3C capabilities: ["app","autoGrantPermissions","deviceId","deviceName","fullReset","newCommandTimeout","noReset","platform","platformName","udid"]. Falling back to JSONWP protocol.
[35m[Appium][39m Creating new AndroidDriver (v2.7.0) session
[35m[Appium][39m Capabilities:
[35m[Appium][39m   app: C:\Users\Sehati - Bedha\Documents\StandAlone\app-universal-debug.apk
[35m[Appium][39m   autoGrantPermissions: true
[35m[Appium][39m   deviceId: 
[35m[Appium][39m   deviceName: samsung SM-G532G (Android 6.0.1)
[35m[Appium][39m   fullReset: true
[35m[Appium][39m   newCommandTimeout: 1800
[35m[Appium][39m   noReset: false
[35m[Appium][39m   platform: ANDROID
[35m[Appium][39m   platformName: Android
[35m[Appium][39m   udid: 42000e6497f21503
[debug] [35m[BaseDriver][39m Creating session with MJSONWP desired capabilities: {"app":"C:\\Users\\Sehati -...
[35m[BaseDriver][39m The following capabilities were provided, but are not recognized by appium: deviceId, platform.
[35m[BaseDriver][39m Session created with session id: 077f873b-7fa0-41e6-9646-5a5eca1cc1a0
[debug] [35m[AndroidDriver][39m Getting Java version
[35m[AndroidDriver][39m Java version is: 1.8.0_181
[35m[ADB][39m Checking whether adb is present
[35m[ADB][39m Found 1 'build-tools' folders under 'C:\Users\Sehati - Bedha\.katalon\tools\android_sdk' (newest first):
[35m[ADB][39m     C:/Users/Sehati - Bedha/.katalon/tools/android_sdk/build-tools/28.0.3
[35m[ADB][39m Using adb.exe from C:\Users\Sehati - Bedha\.katalon\tools\android_sdk\platform-tools\adb.exe
[35m[AndroidDriver][39m Retrieving device list
[debug] [35m[ADB][39m Trying to find a connected android device
[debug] [35m[ADB][39m Getting connected devices...
[debug] [35m[ADB][39m 2 device(s) connected
[35m[AndroidDriver][39m Using device: 42000e6497f21503
[debug] [35m[ADB][39m Setting device id to 42000e6497f21503
[35m[BaseDriver][39m Using local app 'C:\Users\Sehati - Bedha\Documents\StandAlone\app-universal-debug.apk'
[debug] [35m[AndroidDriver][39m Checking whether app is actually present
[35m[AndroidDriver][39m Starting Android session
[debug] [35m[ADB][39m Running 'C:\Users\Sehati - Bedha\.katalon\tools\android_sdk\platform-tools\adb.exe -P 5037 -s 42000e6497f21503 wait-for-device'
[debug] [35m[ADB][39m Running 'C:\Users\Sehati - Bedha\.katalon\tools\android_sdk\platform-tools\adb.exe -P 5037 -s 42000e6497f21503 shell echo ping'
[debug] [35m[AndroidDriver][39m Pushing settings apk to device...
[debug] [35m[ADB][39m Getting install status for io.appium.settings
[debug] [35m[ADB][39m Running 'C:\Users\Sehati - Bedha\.katalon\tools\android_sdk\platform-tools\adb.exe -P 5037 -s 42000e6497f21503 shell pm list packages io.appium.settings'
[debug] [35m[ADB][39m App is installed
[debug] [35m[ADB][39m Getting package info for 'io.appium.settings'
[debug] [35m[ADB][39m Running 'C:\Users\Sehati - Bedha\.katalon\tools\android_sdk\platform-tools\adb.exe -P 5037 -s 42000e6497f21503 shell dumpsys package io.appium.settings'
[35m[ADB][39m Checking whether aapt is present
[35m[ADB][39m Using aapt.exe from C:\Users\Sehati - Bedha\.katalon\tools\android_sdk\build-tools\28.0.3\aapt.exe
[debug] [35m[ADB][39m The installed 'io.appium.settings' package does not require upgrade ('2.3.0' >= '2.3.0')
[debug] [35m[ADB][39m Running 'C:\Users\Sehati - Bedha\.katalon\tools\android_sdk\platform-tools\adb.exe -P 5037 -s 42000e6497f21503 shell ps'
[debug] [35m[ADB][39m Running 'C:\Users\Sehati - Bedha\.katalon\tools\android_sdk\platform-tools\adb.exe -P 5037 -s 42000e6497f21503 shell getprop ro.build.version.sdk'
[debug] [35m[ADB][39m Current device property 'ro.build.version.sdk': 23
[debug] [35m[ADB][39m Device API level: 23
[debug] [35m[ADB][39m Running 'C:\Users\Sehati - Bedha\.katalon\tools\android_sdk\platform-tools\adb.exe -P 5037 -s 42000e6497f21503 shell am start -W -n io.appium.settings/.Settings -a android.intent.action.MAIN -c android.intent.category.LAUNCHER -f 0x10200000'
[debug] [35m[ADB][39m Device API level: 23
[debug] [35m[ADB][39m Running 'C:\Users\Sehati - Bedha\.katalon\tools\android_sdk\platform-tools\adb.exe -P 5037 -s 42000e6497f21503 shell appops set io.appium.settings android\:mock_location allow'
[35m[AndroidDriver][39m setDeviceLanguageCountry requires language or country.
[35m[AndroidDriver][39m Got language: 'null' and country: 'null'
[debug] [35m[Logcat][39m Starting logcat capture
[debug] [35m[AndroidDriver][39m Pushing unlock helper app to device...
[debug] [35m[ADB][39m Getting install status for io.appium.unlock
[debug] [35m[ADB][39m Running 'C:\Users\Sehati - Bedha\.katalon\tools\android_sdk\platform-tools\adb.exe -P 5037 -s 42000e6497f21503 shell pm list packages io.appium.unlock'
[debug] [35m[ADB][39m App is installed
[debug] [35m[ADB][39m Getting package info for 'io.appium.unlock'
[debug] [35m[ADB][39m Running 'C:\Users\Sehati - Bedha\.katalon\tools\android_sdk\platform-tools\adb.exe -P 5037 -s 42000e6497f21503 shell dumpsys package io.appium.unlock'
[debug] [35m[ADB][39m The installed 'io.appium.unlock' package does not require upgrade ('2.0.0' >= '2.0.0')
[35m[ADB][39m Getting device platform version
[debug] [35m[ADB][39m Running 'C:\Users\Sehati - Bedha\.katalon\tools\android_sdk\platform-tools\adb.exe -P 5037 -s 42000e6497f21503 shell getprop ro.build.version.release'
[debug] [35m[ADB][39m Current device property 'ro.build.version.release': 6.0.1
[debug] [35m[ADB][39m Running 'C:\Users\Sehati - Bedha\.katalon\tools\android_sdk\platform-tools\adb.exe -P 5037 -s 42000e6497f21503 shell wm size'
[debug] [35m[ADB][39m Running 'C:\Users\Sehati - Bedha\.katalon\tools\android_sdk\platform-tools\adb.exe -P 5037 -s 42000e6497f21503 shell getprop ro.product.model'
[debug] [35m[ADB][39m Current device property 'ro.product.model': SM-G532G
[debug] [35m[ADB][39m Running 'C:\Users\Sehati - Bedha\.katalon\tools\android_sdk\platform-tools\adb.exe -P 5037 -s 42000e6497f21503 shell getprop ro.product.manufacturer'
[debug] [35m[ADB][39m Current device property 'ro.product.manufacturer': samsung
[debug] [35m[AndroidDriver][39m Parsing package and activity from app manifest
[35m[ADB][39m Using the alternative activity name detection method because of: Could not find apkanalyzer.bat in C:\Users\Sehati - Bedha\.katalon\tools\android_sdk\platform-tools\apkanalyzer.bat,C:\Users\Sehati - Bedha\.katalon\tools\android_sdk\emulator\apkanalyzer.bat,C:\Users\Sehati - Bedha\.katalon\tools\android_sdk\tools\apkanalyzer.bat,C:\Users\Sehati - Bedha\.katalon\tools\android_sdk\tools\bin\apkanalyzer.bat,C:\Users\Sehati - Bedha\.katalon\tools\android_sdk\build-tools\28.0.3\apkanalyzer.bat. Do you have the Android SDK installed at 'C:\Users\Sehati - Bedha\.katalon\tools\android_sdk'?
[35m[ADB][39m Extracting package and launch activity from manifest
[35m[ADB][39m Package name: 'co.sehati.telectg.android'
[35m[ADB][39m Main activity name: 'co.sehati.telectg.android.TeleCTGActivity'
[debug] [35m[AndroidDriver][39m Parsed package and activity are: co.sehati.telectg.android/co.sehati.telectg.android.TeleCTGActivity
[debug] [35m[ADB][39m Uninstalling co.sehati.telectg.android
[debug] [35m[ADB][39m Getting install status for co.sehati.telectg.android
[debug] [35m[ADB][39m Running 'C:\Users\Sehati - Bedha\.katalon\tools\android_sdk\platform-tools\adb.exe -P 5037 -s 42000e6497f21503 shell pm list packages co.sehati.telectg.android'
[debug] [35m[ADB][39m App is installed
[debug] [35m[ADB][39m Running 'C:\Users\Sehati - Bedha\.katalon\tools\android_sdk\platform-tools\adb.exe -P 5037 -s 42000e6497f21503 shell am force-stop co.sehati.telectg.android'
[debug] [35m[ADB][39m Running 'C:\Users\Sehati - Bedha\.katalon\tools\android_sdk\platform-tools\adb.exe -P 5037 -s 42000e6497f21503 uninstall co.sehati.telectg.android'
[debug] [35m[ADB][39m 'adb uninstall co.sehati.telectg.android' command output: Success
[35m[ADB][39m co.sehati.telectg.android was successfully uninstalled
[debug] [35m[ADB][39m Getting install status for co.sehati.telectg.android
[debug] [35m[ADB][39m Running 'C:\Users\Sehati - Bedha\.katalon\tools\android_sdk\platform-tools\adb.exe -P 5037 -s 42000e6497f21503 shell pm list packages co.sehati.telectg.android'
[debug] [35m[ADB][39m App is not installed
[debug] [35m[AndroidDriver][39m Running full reset on 'co.sehati.telectg.android' (reinstall)
[debug] [35m[ADB][39m Device API level: 23
[debug] [35m[ADB][39m Running 'C:\Users\Sehati - Bedha\.katalon\tools\android_sdk\platform-tools\adb.exe -P 5037 -s 42000e6497f21503 install -r -g 'C:\\Users\\Sehati - Bedha\\Documents\\StandAlone\\app-universal-debug.apk''
[debug] [35m[ADB][39m Install command stdout: [  0%] /data/local/tmp/app-universal-debug.apk
[debug] [35m[ADB][39m [  0%] /data/local/tmp/app-universal-debug.apk
[debug] [35m[ADB][39m [  0%] /data/local/tmp/app-universal-debug.apk
[debug] [35m[ADB][39m [  0%]...uments\StandAlone\app-universal-debug.apk: 1 file pushed. 7.9 MB/s (30211644 bytes in 3.662s)
[debug] [35m[ADB][39m 	pkg: /data/local/tmp/app-universal-debug.apk
[debug] [35m[ADB][39m Success
[debug] [35m[ADB][39m Running 'C:\Users\Sehati - Bedha\.katalon\tools\android_sdk\platform-tools\adb.exe -P 5037 -s 42000e6497f21503 shell rm -rf /data/local/tmp/strings.json'
[debug] [35m[AndroidDriver][39m Extracting strings from apk
[debug] [35m[AndroidDriver][39m C:\Users\Sehati - Bedha\Documents\StandAlone\app-universal-debug.apk
[debug] [35m[AndroidDriver][39m null
[debug] [35m[AndroidDriver][39m C:\Users\SEHATI~1\AppData\Local\Temp\Katalon\Appium\Temp1560246937243\co.sehati.telectg.android
[debug] [35m[ADB][39m Extracting strings for language: default
[35m[ADB][39m Successfully extracted 282 strings from 'C:\Users\Sehati - Bedha\Documents\StandAlone\app-universal-debug.apk' resources for '(default)' configuration
[debug] [35m[ADB][39m Running 'C:\Users\Sehati - Bedha\.katalon\tools\android_sdk\platform-tools\adb.exe -P 5037 -s 42000e6497f21503 push C\:\\Users\\SEHATI~1\\AppData\\Local\\Temp\\Katalon\\Appium\\Temp1560246937243\\co.sehati.telectg.android\\strings.json /data/local/tmp'
[debug] [35m[AndroidBootstrap][39m Watching for bootstrap disconnect
[debug] [35m[ADB][39m Forwarding system: 4724 to device: 4724
[debug] [35m[ADB][39m Running 'C:\Users\Sehati - Bedha\.katalon\tools\android_sdk\platform-tools\adb.exe -P 5037 -s 42000e6497f21503 forward tcp\:4724 tcp\:4724'
[debug] [35m[UiAutomator][39m Starting UiAutomator
[debug] [35m[UiAutomator][39m Moving to state 'starting'
[debug] [35m[UiAutomator][39m Parsing uiautomator jar
[debug] [35m[UiAutomator][39m Found jar name: 'AppiumBootstrap.jar'
[debug] [35m[ADB][39m Running 'C:\Users\Sehati - Bedha\.katalon\tools\android_sdk\platform-tools\adb.exe -P 5037 -s 42000e6497f21503 push 'C:\\Users\\Sehati - Bedha\\AppData\\Roaming\\npm\\node_modules\\appium\\node_modules\\appium-android-bootstrap\\bootstrap\\bin\\AppiumBootstrap.jar' /data/local/tmp/'
[debug] [35m[ADB][39m Attempting to kill all uiautomator processes
[debug] [35m[ADB][39m Getting all processes with uiautomator
[debug] [35m[ADB][39m Running 'C:\Users\Sehati - Bedha\.katalon\tools\android_sdk\platform-tools\adb.exe -P 5037 -s 42000e6497f21503 shell ps'
[35m[ADB][39m No uiautomator process found to kill, continuing...
[debug] [35m[UiAutomator][39m Starting UIAutomator
[debug] [35m[ADB][39m Creating ADB subprocess with args: ["-P",5037,"-s","42000e6497f21503","shell","uiautomator","runtest","AppiumBootstrap.jar","-c","io.appium.android.bootstrap.Bootstrap","-e","pkg","co.sehati.telectg.android","-e","disableAndroidWatchers",false,"-e","acceptSslCerts",false]
[debug] [35m[UiAutomator][39m Moving to state 'online'
[debug] [35m[AndroidBootstrap][39m [BOOTSTRAP LOG] [debug] json loading complete.
[35m[AndroidBootstrap][39m Android bootstrap socket is now connected
[debug] [35m[ADB][39m Running 'C:\Users\Sehati - Bedha\.katalon\tools\android_sdk\platform-tools\adb.exe -P 5037 -s 42000e6497f21503 shell dumpsys window'
[debug] [35m[AndroidBootstrap][39m [BOOTSTRAP LOG] [debug] Registered crash watchers.
[debug] [35m[AndroidBootstrap][39m [BOOTSTRAP LOG] [debug] Client connected
[35m[AndroidDriver][39m Screen already unlocked, doing nothing
[debug] [35m[ADB][39m Device API level: 23
[debug] [35m[ADB][39m Running 'C:\Users\Sehati - Bedha\.katalon\tools\android_sdk\platform-tools\adb.exe -P 5037 -s 42000e6497f21503 shell am start -W -n co.sehati.telectg.android/co.sehati.telectg.android.TeleCTGActivity -S -a android.intent.action.MAIN -c android.intent.category.LAUNCHER -f 0x10200000'
[debug] [35m[ADB][39m Waiting up to 20000ms for activity matching pkg: 'co.sehati.telectg.android' and activity: 'co.sehati.telectg.android.TeleCTGActivity' to be focused
[debug] [35m[ADB][39m Possible activities, to be checked: 'co.sehati.telectg.android.TeleCTGActivity', 'co.sehati.telectg.android.co.sehati.telectg.android.TeleCTGActivity'
[debug] [35m[ADB][39m Getting focused package and activity
[debug] [35m[ADB][39m Running 'C:\Users\Sehati - Bedha\.katalon\tools\android_sdk\platform-tools\adb.exe -P 5037 -s 42000e6497f21503 shell dumpsys window windows'
[debug] [35m[ADB][39m Found package: 'co.sehati.telectg.android' and fully qualified activity name : 'co.sehati.telectg.android.TeleCTGActivity'
[35m[Appium][39m New AndroidDriver session created successfully, session 077f873b-7fa0-41e6-9646-5a5eca1cc1a0 added to master session list
[debug] [35m[BaseDriver][39m Event 'newSessionStarted' logged at 1560246997221 (16:56:37 GMT+0700 (Western Indonesia Time))
[debug] [35m[MJSONWP][39m Responding to client with driver.createSession() result: {"platform":"ANDROID","webStorageEnabled":false,"takesScreenshot":true,"javascriptEnabled":true,"databaseEnabled":false,"networkConnectionEnabled":true,"locationContextEnabled":false,"warnings":{},"desired":{"app":"C:\\Users\\Sehati - Bedha\\Documents\\StandAlone\\app-universal-debug.apk","autoGrantPermissions":true,"deviceId":"","deviceName":"samsung SM-G532G (Android 6.0.1)","fullReset":true,"newCommandTimeout":1800,"noReset":false,"platform":"ANDROID","platformName":"Android","udid":"42000e6497f21503"},"app":"C:\\Users\\Sehati - Bedha\\Documents\\StandAlone\\app-universal-debug.apk","autoGrantPermissions":true,"deviceId":"","deviceName":"42000e6497f21503","fullReset":true,"newCommandTimeout":1800,"noReset":false,"platformName":"Android","udid":"42000e6497f21503","deviceUDID":"42000e6497f21503","platformVersion":"6.0.1","deviceScreenSize":"540x960","deviceModel":"SM-G532G","deviceManufacturer":"samsung","appPackage":"co.sehati.telectg.android","appWaitPackage":"co.sehati.telectg.android","appActivity":"c...
[35m[HTTP][39m [37m<-- POST /wd/hub/session [39m[32m200[39m [90m52672 ms - 1197[39m
[35m[HTTP][39m [90m[39m
[35m[HTTP][39m [37m-->[39m [37mGET[39m [37m/wd/hub/status[39m
[35m[HTTP][39m [90m{}[39m
[debug] [35m[W3C][39m Calling AppiumDriver.getStatus() with args: []
[debug] [35m[W3C][39m Responding to client with driver.getStatus() result: {"build":{"version":"1.8.1","revision":null}}
[35m[HTTP][39m [37m<-- GET /wd/hub/status [39m[32m200[39m [90m31 ms - 55[39m
[35m[HTTP][39m [90m[39m
[35m[HTTP][39m [37m-->[39m [37mPOST[39m [37m/wd/hub/session/077f873b-7fa0-41e6-9646-5a5eca1cc1a0/timeouts[39m
[35m[HTTP][39m [90m{"type":"implicit","ms":30000}[39m
[debug] [35m[W3C][39m Bad parameters: BadParametersError: Parameters were incorrect. We wanted "W3C protocol expects any of script, pageLoad or implicit to be set" and you sent {"type":"implicit","ms":30000}
[35m[HTTP][39m [37m<-- POST /wd/hub/session/077f873b-7fa0-41e6-9646-5a5eca1cc1a0/timeouts [39m[33m400[39m [90m14 ms - 5492[39m
[35m[HTTP][39m [90m[39m
[35m[HTTP][39m [37m-->[39m [37mGET[39m [37m/wd/hub/session/077f873b-7fa0-41e6-9646-5a5eca1cc1a0/window/current/size[39m
[35m[HTTP][39m [90m{}[39m
[debug] [35m[W3C][39m Calling AppiumDriver.getWindowSize() with args: ["current","077f873b-7fa0-41e6-9646-5a5eca1cc1a0"]
[debug] [35m[AndroidBootstrap][39m Sending command to android: {"cmd":"action","action":"getDeviceSize","params":{}}
[debug] [35m[AndroidBootstrap][39m [BOOTSTRAP LOG] [debug] Got data from client: {"cmd":"action","action":"getDeviceSize","params":{}}
[debug] [35m[AndroidBootstrap][39m [BOOTSTRAP LOG] [debug] Got command of type ACTION
[debug] [35m[AndroidBootstrap][39m [BOOTSTRAP LOG] [debug] Got command action: getDeviceSize
[debug] [35m[AndroidBootstrap][39m [BOOTSTRAP LOG] [debug] Returning result: {"status":0,"value":{"height":960,"width":540}}
[debug] [35m[AndroidBootstrap][39m Received command result from bootstrap
[debug] [35m[MJSONWP][39m Responding to client with driver.getWindowSize() result: {"height":960,"width":540}
[35m[HTTP][39m [37m<-- GET /wd/hub/session/077f873b-7fa0-41e6-9646-5a5eca1cc1a0/window/current/size [39m[32m200[39m [90m29 ms - 98[39m
[35m[HTTP][39m [90m[39m
[35m[HTTP][39m [37m-->[39m [37mPOST[39m [37m/wd/hub/session/077f873b-7fa0-41e6-9646-5a5eca1cc1a0/elements[39m
[35m[HTTP][39m [90m{"using":"-android uiautomator","value":"new UiSelector().className(\"android.widget.EditText\").text(\"User ID Anda\").resourceId(\"co.sehati.telectg.android:id/edit_username\").instance(0)"}[39m
[debug] [35m[W3C][39m Calling AppiumDriver.findElements() with args: ["-android uiautomator","new UiSelector().className(\"android.widget.EditText\").text(\"User ID Anda\").resourceId(\"co.sehati.telectg.android:id/edit_username\").instance(0)","077f873b-7fa0-41e6-9646-5a5eca1cc1a0"]
[debug] [35m[BaseDriver][39m Valid locator strategies for this request: xpath, id, class name, accessibility id, -android uiautomator
[debug] [35m[BaseDriver][39m Waiting up to 0 ms for condition
[debug] [35m[AndroidBootstrap][39m Sending command to android: {"cmd":"action","action":"find","params":{"strategy":"-android uiautomator","selector":"new UiSelector().className(\"android.widget.EditText\").text(\"User ID Anda\").resourceId(\"co.sehati.telectg.android:id/edit_username\").instance(0)","context":"","multiple":true}}
[debug] [35m[AndroidBootstrap][39m [BOOTSTRAP LOG] [debug] Got data from client: {"cmd":"action","action":"find","params":{"strategy":"-android uiautomator","selector":"new UiSelector().className(\"android.widget.EditText\").text(\"User ID Anda\").resourceId(\"co.sehati.telectg.android:id/edit_username\").instance(0)","context":"","multiple":true}}
[debug] [35m[AndroidBootstrap][39m [BOOTSTRAP LOG] [debug] Got command of type ACTION
[debug] [35m[AndroidBootstrap][39m [BOOTSTRAP LOG] [debug] Got command action: find
[debug] [35m[AndroidBootstrap][39m [BOOTSTRAP LOG] [debug] Finding 'new UiSelector().className("android.widget.EditText").text("User ID Anda").resourceId("co.sehati.telectg.android:id/edit_username").instance(0)' using 'ANDROID_UIAUTOMATOR' with the contextId: '' multiple: true
[debug] [35m[AndroidBootstrap][39m [BOOTSTRAP LOG] [debug] Parsing selector: new UiSelector().className("android.widget.EditText").text("User ID Anda").resourceId("co.sehati.telectg.android:id/edit_username").instance(0)
[debug] [35m[AndroidBootstrap][39m [BOOTSTRAP LOG] [debug] UiSelector coerce type: java.lang.Class<T> arg: "android.widget.EditText"
[debug] [35m[AndroidBootstrap][39m [BOOTSTRAP LOG] [debug] UiSelector coerce type: class java.lang.String arg: "android.widget.EditText"
[debug] [35m[AndroidBootstrap][39m [BOOTSTRAP LOG] [debug] UiSelector coerce type: class java.lang.String arg: "User ID Anda"
[debug] [35m[AndroidBootstrap][39m [BOOTSTRAP LOG] [debug] UiSelector coerce type: class java.lang.String arg: "co.sehati.telectg.android:id/edit_username"
[debug] [35m[AndroidBootstrap][39m [BOOTSTRAP LOG] [debug] UiSelector coerce type: int arg: 0
[debug] [35m[AndroidBootstrap][39m [BOOTSTRAP LOG] [debug] Using: UiSelector[TEXT=User ID Anda, CLASS=android.widget.EditText, INSTANCE=0, RESOURCE_ID=co.sehati.telectg.android:id/edit_username]
[debug] [35m[AndroidBootstrap][39m [BOOTSTRAP LOG] [debug] getElements selector:UiSelector[TEXT=User ID Anda, CLASS=android.widget.EditText, INSTANCE=0, RESOURCE_ID=co.sehati.telectg.android:id/edit_username]
[debug] [35m[AndroidBootstrap][39m [BOOTSTRAP LOG] [debug] Element[] is null: (0)
[debug] [35m[AndroidBootstrap][39m [BOOTSTRAP LOG] [debug] getElements tmp selector:UiSelector[TEXT=User ID Anda, CLASS=android.widget.EditText, INSTANCE=0, RESOURCE_ID=co.sehati.telectg.android:id/edit_username]
[debug] [35m[AndroidBootstrap][39m [BOOTSTRAP LOG] [debug] Element[] is null: (1)
[debug] [35m[AndroidBootstrap][39m [BOOTSTRAP LOG] [debug] getElements tmp selector:UiSelector[TEXT=User ID Anda, CLASS=android.widget.EditText, INSTANCE=1, RESOURCE_ID=co.sehati.telectg.android:id/edit_username]
[debug] [35m[AndroidBootstrap][39m [BOOTSTRAP LOG] [debug] Returning result: {"status":0,"value":[{"ELEMENT":"1"}]}
[debug] [35m[AndroidBootstrap][39m Received command result from bootstrap
[debug] [35m[MJSONWP][39m Responding to client with driver.findElements() result: [{"ELEMENT":"1"}]
[35m[HTTP][39m [37m<-- POST /wd/hub/session/077f873b-7fa0-41e6-9646-5a5eca1cc1a0/elements [39m[32m200[39m [90m119 ms - 89[39m
[35m[HTTP][39m [90m[39m
[35m[HTTP][39m [37m-->[39m [37mGET[39m [37m/wd/hub/session/077f873b-7fa0-41e6-9646-5a5eca1cc1a0[39m
[35m[HTTP][39m [90m{}[39m
[debug] [35m[W3C][39m Calling AppiumDriver.getSession() with args: ["077f873b-7fa0-41e6-9646-5a5eca1cc1a0"]
[debug] [35m[MJSONWP][39m Responding to client with driver.getSession() result: {"platform":"ANDROID","webStorageEnabled":false,"takesScreenshot":true,"javascriptEnabled":true,"databaseEnabled":false,"networkConnectionEnabled":true,"locationContextEnabled":false,"warnings":{},"desired":{"app":"C:\\Users\\Sehati - Bedha\\Documents\\StandAlone\\app-universal-debug.apk","autoGrantPermissions":true,"deviceId":"","deviceName":"samsung SM-G532G (Android 6.0.1)","fullReset":true,"newCommandTimeout":1800,"noReset":false,"platform":"ANDROID","platformName":"Android","udid":"42000e6497f21503"},"app":"C:\\Users\\Sehati - Bedha\\Documents\\StandAlone\\app-universal-debug.apk","autoGrantPermissions":true,"deviceId":"","deviceName":"42000e6497f21503","fullReset":true,"newCommandTimeout":1800,"noReset":false,"platformName":"Android","udid":"42000e6497f21503","deviceUDID":"42000e6497f21503","platformVersion":"6.0.1","deviceScreenSize":"540x960","deviceModel":"SM-G532G","deviceManufacturer":"samsung","appPackage":"co.sehati.telectg.android","appWaitPackage":"co.sehati.telectg.android","appActivity":"c...
[35m[HTTP][39m [37m<-- GET /wd/hub/session/077f873b-7fa0-41e6-9646-5a5eca1cc1a0 [39m[32m200[39m [90m2 ms - 1197[39m
[35m[HTTP][39m [90m[39m
[35m[HTTP][39m [37m-->[39m [37mGET[39m [37m/wd/hub/session/077f873b-7fa0-41e6-9646-5a5eca1cc1a0[39m
[35m[HTTP][39m [90m{}[39m
[debug] [35m[W3C][39m Calling AppiumDriver.getSession() with args: ["077f873b-7fa0-41e6-9646-5a5eca1cc1a0"]
[debug] [35m[MJSONWP][39m Responding to client with driver.getSession() result: {"platform":"ANDROID","webStorageEnabled":false,"takesScreenshot":true,"javascriptEnabled":true,"databaseEnabled":false,"networkConnectionEnabled":true,"locationContextEnabled":false,"warnings":{},"desired":{"app":"C:\\Users\\Sehati - Bedha\\Documents\\StandAlone\\app-universal-debug.apk","autoGrantPermissions":true,"deviceId":"","deviceName":"samsung SM-G532G (Android 6.0.1)","fullReset":true,"newCommandTimeout":1800,"noReset":false,"platform":"ANDROID","platformName":"Android","udid":"42000e6497f21503"},"app":"C:\\Users\\Sehati - Bedha\\Documents\\StandAlone\\app-universal-debug.apk","autoGrantPermissions":true,"deviceId":"","deviceName":"42000e6497f21503","fullReset":true,"newCommandTimeout":1800,"noReset":false,"platformName":"Android","udid":"42000e6497f21503","deviceUDID":"42000e6497f21503","platformVersion":"6.0.1","deviceScreenSize":"540x960","deviceModel":"SM-G532G","deviceManufacturer":"samsung","appPackage":"co.sehati.telectg.android","appWaitPackage":"co.sehati.telectg.android","appActivity":"c...
[35m[HTTP][39m [37m<-- GET /wd/hub/session/077f873b-7fa0-41e6-9646-5a5eca1cc1a0 [39m[32m200[39m [90m2 ms - 1197[39m
[35m[HTTP][39m [90m[39m
[35m[HTTP][39m [37m-->[39m [37mGET[39m [37m/wd/hub/session/077f873b-7fa0-41e6-9646-5a5eca1cc1a0[39m
[35m[HTTP][39m [90m{}[39m
[debug] [35m[W3C][39m Calling AppiumDriver.getSession() with args: ["077f873b-7fa0-41e6-9646-5a5eca1cc1a0"]
[debug] [35m[MJSONWP][39m Responding to client with driver.getSession() result: {"platform":"ANDROID","webStorageEnabled":false,"takesScreenshot":true,"javascriptEnabled":true,"databaseEnabled":false,"networkConnectionEnabled":true,"locationContextEnabled":false,"warnings":{},"desired":{"app":"C:\\Users\\Sehati - Bedha\\Documents\\StandAlone\\app-universal-debug.apk","autoGrantPermissions":true,"deviceId":"","deviceName":"samsung SM-G532G (Android 6.0.1)","fullReset":true,"newCommandTimeout":1800,"noReset":false,"platform":"ANDROID","platformName":"Android","udid":"42000e6497f21503"},"app":"C:\\Users\\Sehati - Bedha\\Documents\\StandAlone\\app-universal-debug.apk","autoGrantPermissions":true,"deviceId":"","deviceName":"42000e6497f21503","fullReset":true,"newCommandTimeout":1800,"noReset":false,"platformName":"Android","udid":"42000e6497f21503","deviceUDID":"42000e6497f21503","platformVersion":"6.0.1","deviceScreenSize":"540x960","deviceModel":"SM-G532G","deviceManufacturer":"samsung","appPackage":"co.sehati.telectg.android","appWaitPackage":"co.sehati.telectg.android","appActivity":"c...
[35m[HTTP][39m [37m<-- GET /wd/hub/session/077f873b-7fa0-41e6-9646-5a5eca1cc1a0 [39m[32m200[39m [90m2 ms - 1197[39m
[35m[HTTP][39m [90m[39m
[35m[HTTP][39m [37m-->[39m [37mGET[39m [37m/wd/hub/session/077f873b-7fa0-41e6-9646-5a5eca1cc1a0[39m
[35m[HTTP][39m [90m{}[39m
[debug] [35m[W3C][39m Calling AppiumDriver.getSession() with args: ["077f873b-7fa0-41e6-9646-5a5eca1cc1a0"]
[debug] [35m[MJSONWP][39m Responding to client with driver.getSession() result: {"platform":"ANDROID","webStorageEnabled":false,"takesScreenshot":true,"javascriptEnabled":true,"databaseEnabled":false,"networkConnectionEnabled":true,"locationContextEnabled":false,"warnings":{},"desired":{"app":"C:\\Users\\Sehati - Bedha\\Documents\\StandAlone\\app-universal-debug.apk","autoGrantPermissions":true,"deviceId":"","deviceName":"samsung SM-G532G (Android 6.0.1)","fullReset":true,"newCommandTimeout":1800,"noReset":false,"platform":"ANDROID","platformName":"Android","udid":"42000e6497f21503"},"app":"C:\\Users\\Sehati - Bedha\\Documents\\StandAlone\\app-universal-debug.apk","autoGrantPermissions":true,"deviceId":"","deviceName":"42000e6497f21503","fullReset":true,"newCommandTimeout":1800,"noReset":false,"platformName":"Android","udid":"42000e6497f21503","deviceUDID":"42000e6497f21503","platformVersion":"6.0.1","deviceScreenSize":"540x960","deviceModel":"SM-G532G","deviceManufacturer":"samsung","appPackage":"co.sehati.telectg.android","appWaitPackage":"co.sehati.telectg.android","appActivity":"c...
[35m[HTTP][39m [37m<-- GET /wd/hub/session/077f873b-7fa0-41e6-9646-5a5eca1cc1a0 [39m[32m200[39m [90m2 ms - 1197[39m
[35m[HTTP][39m [90m[39m
[35m[HTTP][39m [37m-->[39m [37mGET[39m [37m/wd/hub/session/077f873b-7fa0-41e6-9646-5a5eca1cc1a0/element/1/location[39m
[35m[HTTP][39m [90m{}[39m
[debug] [35m[W3C][39m Calling AppiumDriver.getLocation() with args: ["1","077f873b-7fa0-41e6-9646-5a5eca1cc1a0"]
[debug] [35m[AndroidBootstrap][39m Sending command to android: {"cmd":"action","action":"element:getLocation","params":{"elementId":"1"}}
[debug] [35m[AndroidBootstrap][39m [BOOTSTRAP LOG] [debug] Got data from client: {"cmd":"action","action":"element:getLocation","params":{"elementId":"1"}}
[debug] [35m[AndroidBootstrap][39m [BOOTSTRAP LOG] [debug] Got command of type ACTION
[debug] [35m[AndroidBootstrap][39m [BOOTSTRAP LOG] [debug] Got command action: getLocation
[debug] [35m[AndroidBootstrap][39m Received command result from bootstrap
[debug] [35m[AndroidBootstrap][39m [BOOTSTRAP LOG] [debug] Returning result: {"status":0,"value":{"x":99,"y":357}}
[debug] [35m[MJSONWP][39m Responding to client with driver.getLocation() result: {"x":99,"y":357}
[35m[HTTP][39m [37m<-- GET /wd/hub/session/077f873b-7fa0-41e6-9646-5a5eca1cc1a0/element/1/location [39m[32m200[39m [90m38 ms - 88[39m
[35m[HTTP][39m [90m[39m
[35m[HTTP][39m [37m-->[39m [37mPOST[39m [37m/wd/hub/session/077f873b-7fa0-41e6-9646-5a5eca1cc1a0/element/1/clear[39m
[35m[HTTP][39m [90m{"id":"1"}[39m
[debug] [35m[W3C][39m Calling AppiumDriver.clear() with args: ["1","077f873b-7fa0-41e6-9646-5a5eca1cc1a0"]
[debug] [35m[AndroidBootstrap][39m Sending command to android: {"cmd":"action","action":"element:getText","params":{"elementId":"1"}}
[debug] [35m[AndroidBootstrap][39m [BOOTSTRAP LOG] [debug] Got data from client: {"cmd":"action","action":"element:getText","params":{"elementId":"1"}}
[debug] [35m[AndroidBootstrap][39m [BOOTSTRAP LOG] [debug] Got command of type ACTION
[debug] [35m[AndroidBootstrap][39m [BOOTSTRAP LOG] [debug] Got command action: getText
[debug] [35m[AndroidBootstrap][39m Received command result from bootstrap
[debug] [35m[AndroidBootstrap][39m Sending command to android: {"cmd":"action","action":"element:click","params":{"elementId":"1"}}
[debug] [35m[AndroidBootstrap][39m [BOOTSTRAP LOG] [debug] Returning result: {"status":0,"value":"User ID Anda"}
[debug] [35m[AndroidBootstrap][39m [BOOTSTRAP LOG] [debug] Got data from client: {"cmd":"action","action":"element:click","params":{"elementId":"1"}}
[debug] [35m[AndroidBootstrap][39m [BOOTSTRAP LOG] [debug] Got command of type ACTION
[debug] [35m[AndroidBootstrap][39m [BOOTSTRAP LOG] [debug] Got command action: click
[debug] [35m[AndroidBootstrap][39m Received command result from bootstrap
[debug] [35m[AndroidDriver][39m Sending up to 12 clear characters to device
[debug] [35m[AndroidDriver][39m Sending 12 clear characters to device
[debug] [35m[ADB][39m Clearing up to 12 characters
[debug] [35m[ADB][39m Running 'C:\Users\Sehati - Bedha\.katalon\tools\android_sdk\platform-tools\adb.exe -P 5037 -s 42000e6497f21503 shell input keyevent 67 112 67 112 67 112 67 112 67 112 67 112 67 112 67 112 67 112 67 112 67 112 67 112'
[debug] [35m[AndroidBootstrap][39m [BOOTSTRAP LOG] [debug] Returning result: {"status":0,"value":true}
[35m[HTTP][39m [37m<-- POST /wd/hub/session/077f873b-7fa0-41e6-9646-5a5eca1cc1a0/element/1/clear [39m[32m-[39m [90m- ms - -[39m
[35m[HTTP][39m [90m[39m
[debug] [35m[MJSONWP][39m Responding to client with driver.clear() result: null
[debug] [35m[UiAutomator][39m Moving to state 'stopped'
[debug] [35m[AndroidDriver][39m Shutting down Android driver
[debug] [35m[ADB][39m Running 'C:\Users\Sehati - Bedha\.katalon\tools\android_sdk\platform-tools\adb.exe -P 5037 -s 42000e6497f21503 shell am force-stop co.sehati.telectg.android'
[35m[Appium][39m Closing session, cause was 'UiAUtomator shut down unexpectedly'
[35m[Appium][39m Removing session 077f873b-7fa0-41e6-9646-5a5eca1cc1a0 from our master session list
[debug] [35m[ADB][39m Pressing the HOME button
[debug] [35m[ADB][39m Running 'C:\Users\Sehati - Bedha\.katalon\tools\android_sdk\platform-tools\adb.exe -P 5037 -s 42000e6497f21503 shell input keyevent 3'
[debug] [35m[ADB][39m Uninstalling co.sehati.telectg.android
[debug] [35m[ADB][39m Getting install status for co.sehati.telectg.android
[debug] [35m[ADB][39m Running 'C:\Users\Sehati - Bedha\.katalon\tools\android_sdk\platform-tools\adb.exe -P 5037 -s 42000e6497f21503 shell pm list packages co.sehati.telectg.android'
[debug] [35m[ADB][39m App is installed
[debug] [35m[ADB][39m Running 'C:\Users\Sehati - Bedha\.katalon\tools\android_sdk\platform-tools\adb.exe -P 5037 -s 42000e6497f21503 shell am force-stop co.sehati.telectg.android'
[debug] [35m[ADB][39m Running 'C:\Users\Sehati - Bedha\.katalon\tools\android_sdk\platform-tools\adb.exe -P 5037 -s 42000e6497f21503 uninstall co.sehati.telectg.android'
[debug] [35m[ADB][39m 'adb uninstall co.sehati.telectg.android' command output: Success
[35m[ADB][39m co.sehati.telectg.android was successfully uninstalled
[35m[AndroidBootstrap][39m Cannot shut down Android bootstrap; it has already shut down
[debug] [35m[Logcat][39m Stopping logcat capture
[debug] [35m[ADB][39m Running 'C:\Users\Sehati - Bedha\.katalon\tools\android_sdk\platform-tools\adb.exe -P 5037 -s 42000e6497f21503 shell am force-stop io.appium.unlock'
[debug] [35m[AndroidDriver][39m Not cleaning generated files. Add `clearSystemFiles` capability if wanted.
