[35m[Appium][39m Welcome to Appium v1.8.1
[35m[Appium][39m Non-default server args:
[35m[Appium][39m   port: 62392
[35m[Appium][39m   chromeDriverPort: 62393
[35m[Appium][39m   tmpDir: C:\Users\SEHATI~1\AppData\Local\Temp\\Katalon\Appium\Temp1559100155739
[35m[Appium][39m Appium REST http interface listener started on 0.0.0.0:62392
[35m[HTTP][39m [37m-->[39m [37mGET[39m [37m/wd/hub/status[39m
[35m[HTTP][39m [90m{}[39m
[debug] [35m[MJSONWP][39m Calling AppiumDriver.getStatus() with args: []
[debug] [35m[MJSONWP][39m Responding to client with driver.getStatus() result: {"build":{"version":"1.8.1","revision":null}}
[35m[HTTP][39m [37m<-- GET /wd/hub/status [39m[32m200[39m [90m40 ms - 83[39m
[35m[HTTP][39m [90m[39m
[35m[HTTP][39m [37m-->[39m [37mPOST[39m [37m/wd/hub/session[39m
[35m[HTTP][39m [90m{"desiredCapabilities":{"app":"C:\\Users\\Sehati - Bedha\\Downloads\\app-universal-debug (StandAlone).apk","autoGrantPermissions":true,"automationName":"uiautomator2","deviceName":"emulator-5554 (Android SDK built for x86 - Android 7.1.1)","fullReset":true,"newCommandTimeout":1800,"noReset":false,"platform":"ANDROID","platformName":"Android","udid":"emulator-5554"},"capabilities":{"desiredCapabilities":{"app":"C:\\Users\\Sehati - Bedha\\Downloads\\app-universal-debug (StandAlone).apk","autoGrantPermissions":true,"automationName":"uiautomator2","deviceName":"emulator-5554 (Android SDK built for x86 - Android 7.1.1)","fullReset":true,"newCommandTimeout":1800,"noReset":false,"platform":"ANDROID","platformName":"Android","udid":"emulator-5554"},"firstMatch":[{"platformName":"android"}]}}[39m
[debug] [35m[MJSONWP][39m Calling AppiumDriver.createSession() with args: [{"app":"C:\\Users\\Sehati - Bedha\\Downloads\\app-universal-debug (StandAlone).apk","autoGrantPermissions":true,"automationName":"uiautomator2","deviceName":"emulator-5554 (Android SDK built for x86 - Android 7.1.1)","fullReset":true,"newCommandTimeout":1800,"noReset":false,"platform":"ANDROID","platformName":"Android","udid":"emulator-5554"},null,{"desiredCapabilities":{"app":"C:\\Users\\Sehati - Bedha\\Downloads\\app-universal-debug (StandAlone).apk","autoGrantPermissions":true,"automationName":"uiautomator2","deviceName":"emulator-5554 (Android SDK built for x86 - Android 7.1.1)","fullReset":true,"newCommandTimeout":1800,"noReset":false,"platform":"ANDROID","platformName":"Android","udid":"emulator-5554"},"firstMatch":[{"platformName":"android"}]}]
[debug] [35m[BaseDriver][39m Event 'newSessionRequested' logged at 1559100162128 (10:22:42 GMT+0700 (Western Indonesia Time))
[35m[Appium][39m Could not parse W3C capabilities: 'deviceName' can't be blank. Falling back to JSONWP protocol.
[35m[Appium][39m The following capabilities were provided in the JSONWP desired capabilities that are missing in W3C capabilities: ["app","autoGrantPermissions","automationName","deviceName","fullReset","newCommandTimeout","noReset","platform","platformName","udid"]. Falling back to JSONWP protocol.
[35m[Appium][39m Creating new AndroidUiautomator2Driver (v1.12.0) session
[35m[Appium][39m Capabilities:
[35m[Appium][39m   app: C:\Users\Sehati - Bedha\Downloads\app-universal-debug (StandAlone).apk
[35m[Appium][39m   autoGrantPermissions: true
[35m[Appium][39m   automationName: uiautomator2
[35m[Appium][39m   deviceName: emulator-5554 (Android SDK built for x86 - Android 7.1.1)
[35m[Appium][39m   fullReset: true
[35m[Appium][39m   newCommandTimeout: 1800
[35m[Appium][39m   noReset: false
[35m[Appium][39m   platform: ANDROID
[35m[Appium][39m   platformName: Android
[35m[Appium][39m   udid: emulator-5554
[debug] [35m[BaseDriver][39m Creating session with MJSONWP desired capabilities: {"app":"C:\\Users\\Sehati -...
[35m[BaseDriver][39m The following capabilities were provided, but are not recognized by appium: platform.
[35m[BaseDriver][39m Session created with session id: 91afba4e-4505-45a9-83fd-d3eaa8186ca8
[35m[BaseDriver][39m Using local app 'C:\Users\Sehati - Bedha\Downloads\app-universal-debug (StandAlone).apk'
[debug] [35m[UiAutomator2][39m Checking whether app is actually present
[debug] [35m[AndroidDriver][39m Getting Java version
[35m[AndroidDriver][39m Java version is: 1.8.0_181
[35m[ADB][39m Checking whether adb is present
[35m[ADB][39m Found 1 'build-tools' folders under 'C:\Users\Sehati - Bedha\.katalon\tools\android_sdk' (newest first):
[35m[ADB][39m     C:/Users/Sehati - Bedha/.katalon/tools/android_sdk/build-tools/28.0.3
[35m[ADB][39m Using adb.exe from C:\Users\Sehati - Bedha\.katalon\tools\android_sdk\platform-tools\adb.exe
[35m[AndroidDriver][39m Retrieving device list
[debug] [35m[ADB][39m Trying to find a connected android device
[debug] [35m[ADB][39m Getting connected devices...
[debug] [35m[ADB][39m 1 device(s) connected
[35m[AndroidDriver][39m Using device: emulator-5554
[debug] [35m[ADB][39m Setting device id to emulator-5554
[debug] [35m[ADB][39m Running 'C:\Users\Sehati - Bedha\.katalon\tools\android_sdk\platform-tools\adb.exe -P 5037 -s emulator-5554 shell getprop ro.build.version.sdk'
[debug] [35m[ADB][39m Current device property 'ro.build.version.sdk': 25
[debug] [35m[ADB][39m Device API level: 25
[debug] [35m[AndroidDriver][39m Parsing package and activity from app manifest
[35m[ADB][39m Using the alternative activity name detection method because of: Could not find apkanalyzer.bat in C:\Users\Sehati - Bedha\.katalon\tools\android_sdk\platform-tools\apkanalyzer.bat,C:\Users\Sehati - Bedha\.katalon\tools\android_sdk\emulator\apkanalyzer.bat,C:\Users\Sehati - Bedha\.katalon\tools\android_sdk\tools\apkanalyzer.bat,C:\Users\Sehati - Bedha\.katalon\tools\android_sdk\tools\bin\apkanalyzer.bat,C:\Users\Sehati - Bedha\.katalon\tools\android_sdk\build-tools\28.0.3\apkanalyzer.bat. Do you have the Android SDK installed at 'C:\Users\Sehati - Bedha\.katalon\tools\android_sdk'?
[35m[ADB][39m Checking whether aapt is present
[35m[ADB][39m Using aapt.exe from C:\Users\Sehati - Bedha\.katalon\tools\android_sdk\build-tools\28.0.3\aapt.exe
[35m[ADB][39m Extracting package and launch activity from manifest
[35m[ADB][39m Package name: 'co.sehati.telectg.android'
[35m[ADB][39m Main activity name: 'co.sehati.telectg.android.TeleCTGActivity'
[debug] [35m[AndroidDriver][39m Parsed package and activity are: co.sehati.telectg.android/co.sehati.telectg.android.TeleCTGActivity
[35m[ADB][39m Getting device platform version
[debug] [35m[ADB][39m Running 'C:\Users\Sehati - Bedha\.katalon\tools\android_sdk\platform-tools\adb.exe -P 5037 -s emulator-5554 shell getprop ro.build.version.release'
[debug] [35m[ADB][39m Current device property 'ro.build.version.release': 7.1.1
[debug] [35m[ADB][39m Running 'C:\Users\Sehati - Bedha\.katalon\tools\android_sdk\platform-tools\adb.exe -P 5037 -s emulator-5554 shell wm size'
[debug] [35m[ADB][39m Running 'C:\Users\Sehati - Bedha\.katalon\tools\android_sdk\platform-tools\adb.exe -P 5037 -s emulator-5554 shell wm density'
[debug] [35m[ADB][39m Running 'C:\Users\Sehati - Bedha\.katalon\tools\android_sdk\platform-tools\adb.exe -P 5037 -s emulator-5554 shell getprop ro.product.model'
[debug] [35m[ADB][39m Current device property 'ro.product.model': Android SDK built for x86
[debug] [35m[ADB][39m Running 'C:\Users\Sehati - Bedha\.katalon\tools\android_sdk\platform-tools\adb.exe -P 5037 -s emulator-5554 shell getprop ro.product.manufacturer'
[debug] [35m[ADB][39m Current device property 'ro.product.manufacturer': Google
[debug] [35m[ADB][39m Device API level: 25
[debug] [35m[ADB][39m Running 'C:\Users\Sehati - Bedha\.katalon\tools\android_sdk\platform-tools\adb.exe -P 5037 -s emulator-5554 shell am force-stop io.appium.uiautomator2.server'
[debug] [35m[ADB][39m Checking app cert for C:\Users\Sehati - Bedha\AppData\Roaming\npm\node_modules\appium\node_modules\appium-uiautomator2-server\apks\appium-uiautomator2-server-v1.12.0.apk
[35m[ADB][39m Using apksigner.bat from C:\Users\Sehati - Bedha\.katalon\tools\android_sdk\build-tools\28.0.3\apksigner.bat
[debug] [35m[ADB][39m Starting 'C:\Users\Sehati - Bedha\.katalon\tools\android_sdk\build-tools\28.0.3\apksigner.bat' with args 'verify,--print-certs,C:\Users\Sehati - Bedha\AppData\Roaming\npm\node_modules\appium\node_modules\appium-uiautomator2-server\apks\appium-uiautomator2-server-v1.12.0.apk'
[debug] [35m[ADB][39m 'C:\Users\Sehati - Bedha\AppData\Roaming\npm\node_modules\appium\node_modules\appium-uiautomator2-server\apks\appium-uiautomator2-server-v1.12.0.apk' is not signed with debug cert.
[debug] [35m[ADB][39m Zip-aligning 'C:\Users\Sehati - Bedha\AppData\Roaming\npm\node_modules\appium\node_modules\appium-uiautomator2-server\apks\appium-uiautomator2-server-v1.12.0.apk'
[35m[ADB][39m Checking whether zipalign is present
[35m[ADB][39m Using zipalign.exe from C:\Users\Sehati - Bedha\.katalon\tools\android_sdk\build-tools\28.0.3\zipalign.exe
[debug] [35m[ADB][39m Signing 'C:\Users\Sehati - Bedha\AppData\Roaming\npm\node_modules\appium\node_modules\appium-uiautomator2-server\apks\appium-uiautomator2-server-v1.12.0.apk' with default cert
[debug] [35m[ADB][39m Starting 'C:\Users\Sehati - Bedha\.katalon\tools\android_sdk\build-tools\28.0.3\apksigner.bat' with args 'sign,--key,C:\Users\Sehati - Bedha\AppData\Roaming\npm\node_modules\appium\node_modules\appium-adb\keys\testkey.pk8,--cert,C:\Users\Sehati - Bedha\AppData\Roaming\npm\node_modules\appium\node_modules\appium-adb\keys\testkey.x509.pem,C:\Users\Sehati - Bedha\AppData\Roaming\npm\node_modules\appium\node_modules\appium-uiautomator2-server\apks\appium-uiautomator2-server-v1.12.0.apk'
[35m[ADB][39m Cannot use apksigner tool for signing. Defaulting to sign.jar. Original error: Command ''C:\\Users\\Sehati - Bedha\\.katalon\\tools\\android_sdk\\build-tools\\28.0.3\\apksigner.bat' sign --key 'C:\\Users\\Sehati - Bedha\\AppData\\Roaming\\npm\\node_modules\\appium\\node_modules\\appium-adb\\keys\\testkey.pk8' --cert 'C:\\Users\\Sehati - Bedha\\AppData\\Roaming\\npm\\node_modules\\appium\\node_modules\\appium-adb\\keys\\testkey.x509.pem' 'C:\\Users\\Sehati - Bedha\\AppData\\Roaming\\npm\\node_modules\\appium\\node_modules\\appium-uiautomator2-server\\apks\\appium-uiautomator2-server-v1.12.0.apk'' exited with code 1; StdErr: 'C:\Users\Sehati' is not recognized as an internal or external command,
[35m[ADB][39m operable program or batch file.
[35m[ADB][39m 
[debug] [35m[ADB][39m Resigning apk.
[debug] [35m[ADB][39m Checking app cert for C:\Users\Sehati - Bedha\AppData\Roaming\npm\node_modules\appium\node_modules\appium-uiautomator2-server\apks\appium-uiautomator2-server-debug-androidTest.apk
[debug] [35m[ADB][39m Starting 'C:\Users\Sehati - Bedha\.katalon\tools\android_sdk\build-tools\28.0.3\apksigner.bat' with args 'verify,--print-certs,C:\Users\Sehati - Bedha\AppData\Roaming\npm\node_modules\appium\node_modules\appium-uiautomator2-server\apks\appium-uiautomator2-server-debug-androidTest.apk'
[debug] [35m[ADB][39m 'C:\Users\Sehati - Bedha\AppData\Roaming\npm\node_modules\appium\node_modules\appium-uiautomator2-server\apks\appium-uiautomator2-server-debug-androidTest.apk' is not signed with debug cert.
[debug] [35m[ADB][39m Zip-aligning 'C:\Users\Sehati - Bedha\AppData\Roaming\npm\node_modules\appium\node_modules\appium-uiautomator2-server\apks\appium-uiautomator2-server-debug-androidTest.apk'
[debug] [35m[ADB][39m Signing 'C:\Users\Sehati - Bedha\AppData\Roaming\npm\node_modules\appium\node_modules\appium-uiautomator2-server\apks\appium-uiautomator2-server-debug-androidTest.apk' with default cert
[debug] [35m[ADB][39m Starting 'C:\Users\Sehati - Bedha\.katalon\tools\android_sdk\build-tools\28.0.3\apksigner.bat' with args 'sign,--key,C:\Users\Sehati - Bedha\AppData\Roaming\npm\node_modules\appium\node_modules\appium-adb\keys\testkey.pk8,--cert,C:\Users\Sehati - Bedha\AppData\Roaming\npm\node_modules\appium\node_modules\appium-adb\keys\testkey.x509.pem,C:\Users\Sehati - Bedha\AppData\Roaming\npm\node_modules\appium\node_modules\appium-uiautomator2-server\apks\appium-uiautomator2-server-debug-androidTest.apk'
[35m[ADB][39m Cannot use apksigner tool for signing. Defaulting to sign.jar. Original error: Command ''C:\\Users\\Sehati - Bedha\\.katalon\\tools\\android_sdk\\build-tools\\28.0.3\\apksigner.bat' sign --key 'C:\\Users\\Sehati - Bedha\\AppData\\Roaming\\npm\\node_modules\\appium\\node_modules\\appium-adb\\keys\\testkey.pk8' --cert 'C:\\Users\\Sehati - Bedha\\AppData\\Roaming\\npm\\node_modules\\appium\\node_modules\\appium-adb\\keys\\testkey.x509.pem' 'C:\\Users\\Sehati - Bedha\\AppData\\Roaming\\npm\\node_modules\\appium\\node_modules\\appium-uiautomator2-server\\apks\\appium-uiautomator2-server-debug-androidTest.apk'' exited with code 1; StdErr: 'C:\Users\Sehati' is not recognized as an internal or external command,
[35m[ADB][39m operable program or batch file.
[35m[ADB][39m 
[debug] [35m[ADB][39m Resigning apk.
[debug] [35m[ADB][39m Uninstalling io.appium.uiautomator2.server
[debug] [35m[ADB][39m Getting install status for io.appium.uiautomator2.server
[debug] [35m[ADB][39m Running 'C:\Users\Sehati - Bedha\.katalon\tools\android_sdk\platform-tools\adb.exe -P 5037 -s emulator-5554 shell pm list packages io.appium.uiautomator2.server'
[debug] [35m[ADB][39m App is installed
[debug] [35m[ADB][39m Running 'C:\Users\Sehati - Bedha\.katalon\tools\android_sdk\platform-tools\adb.exe -P 5037 -s emulator-5554 shell am force-stop io.appium.uiautomator2.server'
[debug] [35m[ADB][39m Running 'C:\Users\Sehati - Bedha\.katalon\tools\android_sdk\platform-tools\adb.exe -P 5037 -s emulator-5554 uninstall io.appium.uiautomator2.server'
[debug] [35m[ADB][39m 'adb uninstall io.appium.uiautomator2.server' command output: Success
[35m[ADB][39m io.appium.uiautomator2.server was successfully uninstalled
[debug] [35m[ADB][39m Uninstalling io.appium.uiautomator2.server.test
[debug] [35m[ADB][39m Getting install status for io.appium.uiautomator2.server.test
[debug] [35m[ADB][39m Running 'C:\Users\Sehati - Bedha\.katalon\tools\android_sdk\platform-tools\adb.exe -P 5037 -s emulator-5554 shell pm list packages io.appium.uiautomator2.server.test'
[debug] [35m[ADB][39m App is installed
[debug] [35m[ADB][39m Running 'C:\Users\Sehati - Bedha\.katalon\tools\android_sdk\platform-tools\adb.exe -P 5037 -s emulator-5554 shell am force-stop io.appium.uiautomator2.server.test'
[debug] [35m[ADB][39m Running 'C:\Users\Sehati - Bedha\.katalon\tools\android_sdk\platform-tools\adb.exe -P 5037 -s emulator-5554 uninstall io.appium.uiautomator2.server.test'
[debug] [35m[ADB][39m 'adb uninstall io.appium.uiautomator2.server.test' command output: Success
[35m[ADB][39m io.appium.uiautomator2.server.test was successfully uninstalled
[debug] [35m[ADB][39m Getting install status for io.appium.uiautomator2.server
[debug] [35m[ADB][39m Running 'C:\Users\Sehati - Bedha\.katalon\tools\android_sdk\platform-tools\adb.exe -P 5037 -s emulator-5554 shell pm list packages io.appium.uiautomator2.server'
[debug] [35m[ADB][39m App is not installed
[debug] [35m[ADB][39m App 'C:\Users\Sehati - Bedha\AppData\Roaming\npm\node_modules\appium\node_modules\appium-uiautomator2-server\apks\appium-uiautomator2-server-v1.12.0.apk' not installed. Installing
[debug] [35m[ADB][39m Running 'C:\Users\Sehati - Bedha\.katalon\tools\android_sdk\platform-tools\adb.exe -P 5037 -s emulator-5554 install 'C:\\Users\\Sehati - Bedha\\AppData\\Roaming\\npm\\node_modules\\appium\\node_modules\\appium-uiautomator2-server\\apks\\appium-uiautomator2-server-v1.12.0.apk''
[debug] [35m[ADB][39m Install command stdout: Success
[debug] [35m[ADB][39m Getting install status for io.appium.uiautomator2.server.test
[debug] [35m[ADB][39m Running 'C:\Users\Sehati - Bedha\.katalon\tools\android_sdk\platform-tools\adb.exe -P 5037 -s emulator-5554 shell pm list packages io.appium.uiautomator2.server.test'
[debug] [35m[ADB][39m App is not installed
[debug] [35m[ADB][39m App 'C:\Users\Sehati - Bedha\AppData\Roaming\npm\node_modules\appium\node_modules\appium-uiautomator2-server\apks\appium-uiautomator2-server-debug-androidTest.apk' not installed. Installing
[debug] [35m[ADB][39m Running 'C:\Users\Sehati - Bedha\.katalon\tools\android_sdk\platform-tools\adb.exe -P 5037 -s emulator-5554 install 'C:\\Users\\Sehati - Bedha\\AppData\\Roaming\\npm\\node_modules\\appium\\node_modules\\appium-uiautomator2-server\\apks\\appium-uiautomator2-server-debug-androidTest.apk''
[debug] [35m[ADB][39m Install command stdout: Success
[debug] [35m[UiAutomator2][39m Waiting up to 20000ms for instrumentation 'io.appium.uiautomator2.server.test/android.support.test.runner.AndroidJUnitRunner' to be available
[debug] [35m[ADB][39m Running 'C:\Users\Sehati - Bedha\.katalon\tools\android_sdk\platform-tools\adb.exe -P 5037 -s emulator-5554 shell pm list instrumentation'
[debug] [35m[UiAutomator2][39m Instrumentation 'io.appium.uiautomator2.server.test/android.support.test.runner.AndroidJUnitRunner' available
[debug] [35m[ADB][39m Running 'C:\Users\Sehati - Bedha\.katalon\tools\android_sdk\platform-tools\adb.exe -P 5037 -s emulator-5554 wait-for-device'
[debug] [35m[ADB][39m Running 'C:\Users\Sehati - Bedha\.katalon\tools\android_sdk\platform-tools\adb.exe -P 5037 -s emulator-5554 shell echo ping'
[debug] [35m[AndroidDriver][39m Pushing settings apk to device...
[debug] [35m[ADB][39m Getting install status for io.appium.settings
[debug] [35m[ADB][39m Running 'C:\Users\Sehati - Bedha\.katalon\tools\android_sdk\platform-tools\adb.exe -P 5037 -s emulator-5554 shell pm list packages io.appium.settings'
[debug] [35m[ADB][39m App is installed
[debug] [35m[ADB][39m Getting package info for 'io.appium.settings'
[debug] [35m[ADB][39m Running 'C:\Users\Sehati - Bedha\.katalon\tools\android_sdk\platform-tools\adb.exe -P 5037 -s emulator-5554 shell dumpsys package io.appium.settings'
[debug] [35m[ADB][39m The installed 'io.appium.settings' package does not require upgrade ('2.3.0' >= '2.3.0')
[debug] [35m[ADB][39m Running 'C:\Users\Sehati - Bedha\.katalon\tools\android_sdk\platform-tools\adb.exe -P 5037 -s emulator-5554 shell ps'
[debug] [35m[ADB][39m Device API level: 25
[debug] [35m[ADB][39m Running 'C:\Users\Sehati - Bedha\.katalon\tools\android_sdk\platform-tools\adb.exe -P 5037 -s emulator-5554 shell am start -W -n io.appium.settings/.Settings -a android.intent.action.MAIN -c android.intent.category.LAUNCHER -f 0x10200000'
[debug] [35m[ADB][39m Device API level: 25
[debug] [35m[ADB][39m Running 'C:\Users\Sehati - Bedha\.katalon\tools\android_sdk\platform-tools\adb.exe -P 5037 -s emulator-5554 shell appops set io.appium.settings android\:mock_location allow'
[35m[AndroidDriver][39m setDeviceLanguageCountry requires language or country.
[35m[AndroidDriver][39m Got language: 'null' and country: 'null'
[debug] [35m[Logcat][39m Starting logcat capture
[debug] [35m[AndroidDriver][39m Pushing unlock helper app to device...
[debug] [35m[ADB][39m Getting install status for io.appium.unlock
[debug] [35m[ADB][39m Running 'C:\Users\Sehati - Bedha\.katalon\tools\android_sdk\platform-tools\adb.exe -P 5037 -s emulator-5554 shell pm list packages io.appium.unlock'
[debug] [35m[ADB][39m App is installed
[debug] [35m[ADB][39m Getting package info for 'io.appium.unlock'
[debug] [35m[ADB][39m Running 'C:\Users\Sehati - Bedha\.katalon\tools\android_sdk\platform-tools\adb.exe -P 5037 -s emulator-5554 shell dumpsys package io.appium.unlock'
[debug] [35m[ADB][39m The installed 'io.appium.unlock' package does not require upgrade ('2.0.0' >= '2.0.0')
[debug] [35m[UiAutomator2][39m Forwarding UiAutomator2 Server port 6790 to 8200
[debug] [35m[ADB][39m Forwarding system: 8200 to device: 6790
[debug] [35m[ADB][39m Running 'C:\Users\Sehati - Bedha\.katalon\tools\android_sdk\platform-tools\adb.exe -P 5037 -s emulator-5554 forward tcp\:8200 tcp\:6790'
[debug] [35m[ADB][39m Running 'C:\Users\Sehati - Bedha\.katalon\tools\android_sdk\platform-tools\adb.exe -P 5037 -s emulator-5554 shell rm -rf /data/local/tmp/strings.json'
[debug] [35m[AndroidDriver][39m Extracting strings from apk
[debug] [35m[AndroidDriver][39m C:\Users\Sehati - Bedha\Downloads\app-universal-debug (StandAlone).apk
[debug] [35m[AndroidDriver][39m null
[debug] [35m[AndroidDriver][39m C:\Users\SEHATI~1\AppData\Local\Temp\Katalon\Appium\Temp1559100155739\co.sehati.telectg.android
[debug] [35m[ADB][39m Extracting strings for language: default
[35m[ADB][39m Successfully extracted 282 strings from 'C:\Users\Sehati - Bedha\Downloads\app-universal-debug (StandAlone).apk' resources for '(default)' configuration
[debug] [35m[ADB][39m Running 'C:\Users\Sehati - Bedha\.katalon\tools\android_sdk\platform-tools\adb.exe -P 5037 -s emulator-5554 push C\:\\Users\\SEHATI~1\\AppData\\Local\\Temp\\Katalon\\Appium\\Temp1559100155739\\co.sehati.telectg.android\\strings.json /data/local/tmp'
[debug] [35m[ADB][39m Uninstalling co.sehati.telectg.android
[debug] [35m[ADB][39m Getting install status for co.sehati.telectg.android
[debug] [35m[ADB][39m Running 'C:\Users\Sehati - Bedha\.katalon\tools\android_sdk\platform-tools\adb.exe -P 5037 -s emulator-5554 shell pm list packages co.sehati.telectg.android'
[debug] [35m[ADB][39m App is not installed
[35m[ADB][39m co.sehati.telectg.android was not uninstalled, because it was not present on the device
[debug] [35m[ADB][39m Checking app cert for C:\Users\Sehati - Bedha\Downloads\app-universal-debug (StandAlone).apk
[debug] [35m[ADB][39m Starting 'C:\Users\Sehati - Bedha\.katalon\tools\android_sdk\build-tools\28.0.3\apksigner.bat' with args 'verify,--print-certs,C:\Users\Sehati - Bedha\Downloads\app-universal-debug (StandAlone).apk'
[debug] [35m[ADB][39m 'C:\Users\Sehati - Bedha\Downloads\app-universal-debug (StandAlone).apk' is not signed with debug cert.
[debug] [35m[ADB][39m Zip-aligning 'C:\Users\Sehati - Bedha\Downloads\app-universal-debug (StandAlone).apk'
[debug] [35m[ADB][39m Signing 'C:\Users\Sehati - Bedha\Downloads\app-universal-debug (StandAlone).apk' with default cert
[debug] [35m[ADB][39m Starting 'C:\Users\Sehati - Bedha\.katalon\tools\android_sdk\build-tools\28.0.3\apksigner.bat' with args 'sign,--key,C:\Users\Sehati - Bedha\AppData\Roaming\npm\node_modules\appium\node_modules\appium-adb\keys\testkey.pk8,--cert,C:\Users\Sehati - Bedha\AppData\Roaming\npm\node_modules\appium\node_modules\appium-adb\keys\testkey.x509.pem,C:\Users\Sehati - Bedha\Downloads\app-universal-debug (StandAlone).apk'
[35m[ADB][39m Cannot use apksigner tool for signing. Defaulting to sign.jar. Original error: Command ''C:\\Users\\Sehati - Bedha\\.katalon\\tools\\android_sdk\\build-tools\\28.0.3\\apksigner.bat' sign --key 'C:\\Users\\Sehati - Bedha\\AppData\\Roaming\\npm\\node_modules\\appium\\node_modules\\appium-adb\\keys\\testkey.pk8' --cert 'C:\\Users\\Sehati - Bedha\\AppData\\Roaming\\npm\\node_modules\\appium\\node_modules\\appium-adb\\keys\\testkey.x509.pem' 'C:\\Users\\Sehati - Bedha\\Downloads\\app-universal-debug (StandAlone).apk'' exited with code 1; StdErr: 'C:\Users\Sehati' is not recognized as an internal or external command,
[35m[ADB][39m operable program or batch file.
[35m[ADB][39m 
[debug] [35m[ADB][39m Resigning apk.
[debug] [35m[ADB][39m Getting install status for co.sehati.telectg.android
[debug] [35m[ADB][39m Running 'C:\Users\Sehati - Bedha\.katalon\tools\android_sdk\platform-tools\adb.exe -P 5037 -s emulator-5554 shell pm list packages co.sehati.telectg.android'
[debug] [35m[ADB][39m App is not installed
[debug] [35m[AndroidDriver][39m Running full reset on 'co.sehati.telectg.android' (reinstall)
[debug] [35m[ADB][39m Device API level: 25
[debug] [35m[ADB][39m Running 'C:\Users\Sehati - Bedha\.katalon\tools\android_sdk\platform-tools\adb.exe -P 5037 -s emulator-5554 install -r -g 'C:\\Users\\Sehati - Bedha\\Downloads\\app-universal-debug (StandAlone).apk''
[debug] [35m[ADB][39m Install command stdout: Success
[debug] [35m[ADB][39m Running 'C:\Users\Sehati - Bedha\.katalon\tools\android_sdk\platform-tools\adb.exe -P 5037 -s emulator-5554 shell am force-stop io.appium.uiautomator2.server'
[35m[UiAutomator2][39m Starting uiautomator2 server 1.12.0
[35m[UiAutomator2][39m Using UIAutomator2 server from 'C:\Users\Sehati - Bedha\AppData\Roaming\npm\node_modules\appium\node_modules\appium-uiautomator2-server\apks\appium-uiautomator2-server-v1.12.0.apk' and test from 'C:\Users\Sehati - Bedha\AppData\Roaming\npm\node_modules\appium\node_modules\appium-uiautomator2-server\apks\appium-uiautomator2-server-debug-androidTest.apk'
[35m[UiAutomator2][39m Running command: 'adb -s emulator-5554 shell am instrument -w io.appium.uiautomator2.server.test/android.support.test.runner.AndroidJUnitRunner'
[35m[UiAutomator2][39m Waiting up to 20000ms for UiAutomator2 to be online...
[debug] [35m[JSONWP Proxy][39m Proxying [GET /status] to [GET http://localhost:8200/wd/hub/status] with no body
[debug] [35m[JSONWP Proxy][39m Proxying [GET /status] to [GET http://localhost:8200/wd/hub/status] with no body
[debug] [35m[JSONWP Proxy][39m Proxying [GET /status] to [GET http://localhost:8200/wd/hub/status] with no body
[debug] [35m[JSONWP Proxy][39m Got response with status 200: "{\"sessionId\":\"SESSIONID\",\"status\":0,\"value\":\"Status Invoked\"}"
[debug] [35m[JSONWP Proxy][39m Proxying [POST /session] to [POST http://localhost:8200/wd/hub/session] with body: {"desiredCapabilities":{"platform":"ANDROID","webStorageEnabled":false,"takesScreenshot":true,"javascriptEnabled":true,"databaseEnabled":false,"networkConnectionEnabled":true,"locationContextEnabled":false,"warnings":{},"desired":{"app":"C:\\Users\\Sehati - Bedha\\Downloads\\app-universal-debug (StandAlone).apk","autoGrantPermissions":true,"automationName":"uiautomator2","deviceName":"emulator-5554 (Android SDK built for x86 - Android 7.1.1)","fullReset":true,"newCommandTimeout":1800,"noReset":false,"platform":"ANDROID","platformName":"Android","udid":"emulator-5554"},"app":"C:\\Users\\Sehati - Bedha\\Downloads\\app-universal-debug (StandAlone).apk","autoGrantPermissions":true,"automationName":"uiautomator2","deviceName":"emulator-5554","fullReset":true,"newCommandTimeout":1800,"noReset":false,"platformName":"Android","udid":"emulator-5554","deviceUDID":"emulator-5554","platformVersion":"7.1.1","deviceScreenSize":"1080x1920","deviceScreenDensity":420,"deviceModel":"Android SDK built for x86","deviceManufac...
[debug] [35m[JSONWP Proxy][39m Got response with status 200: {"sessionId":"644d9718-ab2f-4408-899c-6e1c72c5187d","status":0,"value":"Created Session"}
[debug] [35m[ADB][39m Running 'C:\Users\Sehati - Bedha\.katalon\tools\android_sdk\platform-tools\adb.exe -P 5037 -s emulator-5554 shell dumpsys window'
[35m[AndroidDriver][39m Screen already unlocked, doing nothing
[35m[UiAutomator2][39m UiAutomator2 did not start the activity we were waiting for, 'co.sehati.telectg.android/co.sehati.telectg.android.TeleCTGActivity'. Starting it ourselves
[debug] [35m[ADB][39m Device API level: 25
[debug] [35m[ADB][39m Running 'C:\Users\Sehati - Bedha\.katalon\tools\android_sdk\platform-tools\adb.exe -P 5037 -s emulator-5554 shell am start -W -n co.sehati.telectg.android/co.sehati.telectg.android.TeleCTGActivity -S -a android.intent.action.MAIN -c android.intent.category.LAUNCHER -f 0x10200000'
[debug] [35m[ADB][39m Waiting up to 20000ms for activity matching pkg: 'co.sehati.telectg.android' and activity: 'co.sehati.telectg.android.TeleCTGActivity' to be focused
[debug] [35m[ADB][39m Possible activities, to be checked: 'co.sehati.telectg.android.TeleCTGActivity', 'co.sehati.telectg.android.co.sehati.telectg.android.TeleCTGActivity'
[debug] [35m[ADB][39m Getting focused package and activity
[debug] [35m[ADB][39m Running 'C:\Users\Sehati - Bedha\.katalon\tools\android_sdk\platform-tools\adb.exe -P 5037 -s emulator-5554 shell dumpsys window windows'
[debug] [35m[ADB][39m Found package: 'co.sehati.telectg.android' and fully qualified activity name : 'co.sehati.telectg.android.TeleCTGActivity'
[debug] [35m[JSONWP Proxy][39m Proxying [GET /appium/device/pixel_ratio] to [GET http://localhost:8200/wd/hub/session/644d9718-ab2f-4408-899c-6e1c72c5187d/appium/device/pixel_ratio] with body: {}
[debug] [35m[JSONWP Proxy][39m Got response with status 200: "{\"sessionId\":\"644d9718-ab2f-4408-899c-6e1c72c5187d\",\"status\":0,\"value\":2.625}"
[debug] [35m[JSONWP Proxy][39m Proxying [GET /appium/device/system_bars] to [GET http://localhost:8200/wd/hub/session/644d9718-ab2f-4408-899c-6e1c72c5187d/appium/device/system_bars] with body: {}
[debug] [35m[JSONWP Proxy][39m Got response with status 200: "{\"sessionId\":\"644d9718-ab2f-4408-899c-6e1c72c5187d\",\"status\":0,\"value\":{\"statusBar\":63}}"
[debug] [35m[JSONWP Proxy][39m Proxying [GET /window/current/size] to [GET http://localhost:8200/wd/hub/session/644d9718-ab2f-4408-899c-6e1c72c5187d/window/current/size] with body: {}
[debug] [35m[JSONWP Proxy][39m Got response with status 200: "{\"sessionId\":\"644d9718-ab2f-4408-899c-6e1c72c5187d\",\"status\":0,\"value\":{\"height\":1794,\"width\":1080}}"
[35m[Appium][39m New AndroidUiautomator2Driver session created successfully, session 91afba4e-4505-45a9-83fd-d3eaa8186ca8 added to master session list
[debug] [35m[BaseDriver][39m Event 'newSessionStarted' logged at 1559100205894 (10:23:25 GMT+0700 (Western Indonesia Time))
[debug] [35m[MJSONWP][39m Responding to client with driver.createSession() result: {"platform":"ANDROID","webStorageEnabled":false,"takesScreenshot":true,"javascriptEnabled":true,"databaseEnabled":false,"networkConnectionEnabled":true,"locationContextEnabled":false,"warnings":{},"desired":{"app":"C:\\Users\\Sehati - Bedha\\Downloads\\app-universal-debug (StandAlone).apk","autoGrantPermissions":true,"automationName":"uiautomator2","deviceName":"emulator-5554 (Android SDK built for x86 - Android 7.1.1)","fullReset":true,"newCommandTimeout":1800,"noReset":false,"platform":"ANDROID","platformName":"Android","udid":"emulator-5554"},"app":"C:\\Users\\Sehati - Bedha\\Downloads\\app-universal-debug (StandAlone).apk","autoGrantPermissions":true,"automationName":"uiautomator2","deviceName":"emulator-5554","fullReset":true,"newCommandTimeout":1800,"noReset":false,"platformName":"Android","udid":"emulator-5554","deviceUDID":"emulator-5554","platformVersion":"7.1.1","deviceScreenSize":"1080x1920","deviceScreenDensity":420,"deviceModel":"Android SDK built for x86","deviceManufacturer":"Google","device...
[35m[HTTP][39m [37m<-- POST /wd/hub/session [39m[32m200[39m [90m43769 ms - 1247[39m
[35m[HTTP][39m [90m[39m
[35m[HTTP][39m [37m-->[39m [37mGET[39m [37m/wd/hub/status[39m
[35m[HTTP][39m [90m{}[39m
[debug] [35m[W3C][39m Calling AppiumDriver.getStatus() with args: []
[debug] [35m[W3C][39m Responding to client with driver.getStatus() result: {"build":{"version":"1.8.1","revision":null}}
[35m[HTTP][39m [37m<-- GET /wd/hub/status [39m[32m200[39m [90m34 ms - 55[39m
[35m[HTTP][39m [90m[39m
[35m[HTTP][39m [37m-->[39m [37mPOST[39m [37m/wd/hub/session/91afba4e-4505-45a9-83fd-d3eaa8186ca8/timeouts[39m
[35m[HTTP][39m [90m{"type":"implicit","ms":30000}[39m
[debug] [35m[W3C][39m Bad parameters: BadParametersError: Parameters were incorrect. We wanted "W3C protocol expects any of script, pageLoad or implicit to be set" and you sent {"type":"implicit","ms":30000}
[35m[HTTP][39m [37m<-- POST /wd/hub/session/91afba4e-4505-45a9-83fd-d3eaa8186ca8/timeouts [39m[33m400[39m [90m30 ms - 5492[39m
[35m[HTTP][39m [90m[39m
[35m[HTTP][39m [37m-->[39m [37mGET[39m [37m/wd/hub/session/91afba4e-4505-45a9-83fd-d3eaa8186ca8/context[39m
[35m[HTTP][39m [90m{}[39m
[debug] [35m[W3C][39m Calling AppiumDriver.getCurrentContext() with args: ["91afba4e-4505-45a9-83fd-d3eaa8186ca8"]
[debug] [35m[MJSONWP][39m Responding to client with driver.getCurrentContext() result: "NATIVE_APP"
[35m[HTTP][39m [37m<-- GET /wd/hub/session/91afba4e-4505-45a9-83fd-d3eaa8186ca8/context [39m[32m200[39m [90m30 ms - 84[39m
[35m[HTTP][39m [90m[39m
[35m[HTTP][39m [37m-->[39m [37mGET[39m [37m/wd/hub/session/91afba4e-4505-45a9-83fd-d3eaa8186ca8/contexts[39m
[35m[HTTP][39m [90m{}[39m
[debug] [35m[W3C][39m Calling AppiumDriver.getContexts() with args: ["91afba4e-4505-45a9-83fd-d3eaa8186ca8"]
[debug] [35m[AndroidDriver][39m Getting a list of available webviews
[debug] [35m[ADB][39m Running 'C:\Users\Sehati - Bedha\.katalon\tools\android_sdk\platform-tools\adb.exe -P 5037 -s emulator-5554 shell cat /proc/net/unix'
[debug] [35m[AndroidDriver][39m Found webviews: []
[debug] [35m[AndroidDriver][39m Available contexts: ["NATIVE_APP"]
[debug] [35m[MJSONWP][39m Responding to client with driver.getContexts() result: ["NATIVE_APP"]
[35m[HTTP][39m [37m<-- GET /wd/hub/session/91afba4e-4505-45a9-83fd-d3eaa8186ca8/contexts [39m[32m200[39m [90m40 ms - 86[39m
[35m[HTTP][39m [90m[39m
[35m[HTTP][39m [37m-->[39m [37mPOST[39m [37m/wd/hub/session/91afba4e-4505-45a9-83fd-d3eaa8186ca8/context[39m
[35m[HTTP][39m [90m{"name":"NATIVE_APP"}[39m
[debug] [35m[W3C][39m Calling AppiumDriver.setContext() with args: ["NATIVE_APP","91afba4e-4505-45a9-83fd-d3eaa8186ca8"]
[debug] [35m[AndroidDriver][39m Getting a list of available webviews
[debug] [35m[ADB][39m Running 'C:\Users\Sehati - Bedha\.katalon\tools\android_sdk\platform-tools\adb.exe -P 5037 -s emulator-5554 shell cat /proc/net/unix'
[debug] [35m[AndroidDriver][39m Found webviews: []
[debug] [35m[AndroidDriver][39m Available contexts: ["NATIVE_APP"]
[debug] [35m[MJSONWP][39m Responding to client with driver.setContext() result: null
[35m[HTTP][39m [37m<-- POST /wd/hub/session/91afba4e-4505-45a9-83fd-d3eaa8186ca8/context [39m[32m200[39m [90m50 ms - 76[39m
[35m[HTTP][39m [90m[39m
[35m[HTTP][39m [37m-->[39m [37mGET[39m [37m/wd/hub/session/91afba4e-4505-45a9-83fd-d3eaa8186ca8/screenshot[39m
[35m[HTTP][39m [90m{}[39m
[debug] [35m[W3C][39m Calling AppiumDriver.getScreenshot() with args: ["91afba4e-4505-45a9-83fd-d3eaa8186ca8"]
[debug] [35m[JSONWP Proxy][39m Proxying [GET /screenshot] to [GET http://localhost:8200/wd/hub/session/644d9718-ab2f-4408-899c-6e1c72c5187d/screenshot] with no body
[debug] [35m[JSONWP Proxy][39m Got response with status 200: "{\"sessionId\":\"644d9718-ab2f-4408-899c-6e1c72c5187d\",\"status\":0,\"value\":\"iVBORw0KGgoAAAANSUhEUgAABDgAAAeACAIAAACkA3BdAAAAA3NCSVQICAjb4U\\/gAAAgAElEQVR4\\nnOzdf1xU953v8QM4zPBzBpRBBfmhEUxEBKOYJkbRXDVJa8Q2aZsmabBNf2Rv74a03b2728c22N1t\\nb\\/fuNrib3W5vsxW3po1NtsWYJhVbxR9JFY2MFJOAQX4I6AwiZ4CBGQbw\\/jFxPJyBmTPDDHPA1\\/PR\\nP2aG75z5DtlNzpvv9\\/P5Rgjf+rYAAAAAAGoSGe4JAAAAAIAcQQUAAACA6hBUAAAAAKgOQQUAAACA\\n6hBUAAAAAKgOQQUAAACA6hBUAAAAAKgOQQUAAACA6hBUAAAAAKgOQQUAAACA6hBUAAAAAKjOnHBP\\nAAAAAAHKSk4SBKH1em+4JxI4TVSUc3Q0uNf8wcMPr1mU7mXAr87Xv15ff31wMLifi+AiqAAAAKhd\\nVnLSygULC9IWFi9ZYoiJKVi4cMJhpq4ucWioprnZ1Nl1\\/kqX+gNMwcKFl0WxJ9iBYc2i9AeWLvUy\\n4H2z5bcffBDcD0XQTUdQMcTELE5OjtForvb3d1itw6OjN27c8OsKujlz5icmdFr7gh64AQAAVGv7\\n8uUleXnFS5a4Vk58cgWY4iVLXE9br\\/fWNDdXNTQcuHAhhLMMVMHChYsMhsuiGO6JQKUihG99O6Qf\\nYIiJeWHL5i8UFup1uqbu7jcuvL\\/\\/\\/PkPLRblkSNGo\\/lS0Zqn7r77J3889arJNOR0hnTCAAAA4VWw\\ncOFz999fkrfcEBMTlAuKQ0NVDRd2Ha5WzxqLK6UIgvBua+sUV1Q8N3qtXLhwXlycl7e09fa2i+Lw\\nyIj7FTaDqVDIV1Q25yz90po1iTqdIAgrFixYsWDBYyvz95w5...
[debug] [35m[MJSONWP][39m Responding to client with driver.getScreenshot() result: "iVBORw0KGgoAAAANSUhEUgAABDgAAAeACAIAAACkA3BdAAAAA3NCSVQICAjb4U/gAAAgAElEQVR4\nnOzdf1xU953v8QM4zPBzBpRBBfmhEUxEBKOYJkbRXDVJa8Q2aZsmabBNf2Rv74a03b2728c22N1t\nb/fuNrib3W5vsxW3po1NtsWYJhVbxR9JFY2MFJOAQX4I6AwiZ4CBGQbw/jFxPJyBmTPDDHPA1/PR\nP2aG75z5DtlNzpvv9/P5Rgjf+rYAAAAAAGoSGe4JAAAAAIAcQQUAAACA6hBUAAAAAKgOQQUAAACA\n6hBUAAAAAKgOQQUAAACA6hBUAAAAAKgOQQUAAACA6hBUAAAAAKgOQQUAAACA6hBUAAAAAKjOnHBP\nAAAAAAHKSk4SBKH1em+4JxI4TVSUc3Q0uNf8wcMPr1mU7mXAr87Xv15ff31wMLifi+AiqAAAAKhd\nVnLSygULC9IWFi9ZYoiJKVi4cMJhpq4ucWioprnZ1Nl1/kqX+gNMwcKFl0WxJ9iBYc2i9AeWLvUy\n4H2z5bcffBDcD0XQTUdQMcTELE5OjtForvb3d1itw6OjN27c8OsKujlz5icmdFr7gh64AQAAVGv7\n8uUleXnFS5a4Vk58cgWY4iVLXE9br/fWNDdXNTQcuHAhhLMMVMHChYsMhsuiGO6JQKUihG99O6Qf\nYIiJeWHL5i8UFup1uqbu7jcuvL///PkPLRblkSNGo/lS0Zqn7r77J3889arJNOR0hnTCAAAA4VWw\ncOFz999fkrfcEBMTlAuKQ0NVDRd2Ha5WzxqLK6UIgvBua+sUV1Q8N3qtXLhwXlycl7e09fa2i+Lw\nyIj7FTaDqVDIV1Q25yz90po1iTqdIAgrFixYsWDBYyvz95w58/Lp2ms2m8+3x2o0//O++77/8ENz\nIiNzU1IEQdh37hzrKgAAYFYqyct77v517iWRYDHExJSuWV26ZnVNc/Ou6sM1zc3Bvb6/3CklKHxu\n9PKUmZ...
[35m[HTTP][39m [37m<-- GET /wd/hub/session/91afba4e-4505-45a9-83fd-d3eaa8186ca8/screenshot [39m[32m200[39m [90m295 ms - 72624[39m
[35m[HTTP][39m [90m[39m
[35m[HTTP][39m [37m-->[39m [37mPOST[39m [37m/wd/hub/session/91afba4e-4505-45a9-83fd-d3eaa8186ca8/context[39m
[35m[HTTP][39m [90m{"name":"NATIVE_APP"}[39m
[debug] [35m[W3C][39m Calling AppiumDriver.setContext() with args: ["NATIVE_APP","91afba4e-4505-45a9-83fd-d3eaa8186ca8"]
[debug] [35m[AndroidDriver][39m Getting a list of available webviews
[debug] [35m[ADB][39m Running 'C:\Users\Sehati - Bedha\.katalon\tools\android_sdk\platform-tools\adb.exe -P 5037 -s emulator-5554 shell cat /proc/net/unix'
[debug] [35m[AndroidDriver][39m Found webviews: []
[debug] [35m[AndroidDriver][39m Available contexts: ["NATIVE_APP"]
[debug] [35m[MJSONWP][39m Responding to client with driver.setContext() result: null
[35m[HTTP][39m [37m<-- POST /wd/hub/session/91afba4e-4505-45a9-83fd-d3eaa8186ca8/context [39m[32m200[39m [90m42 ms - 76[39m
[35m[HTTP][39m [90m[39m
[35m[HTTP][39m [37m-->[39m [37mGET[39m [37m/wd/hub/status[39m
[35m[HTTP][39m [90m{}[39m
[debug] [35m[W3C][39m Calling AppiumDriver.getStatus() with args: []
[debug] [35m[W3C][39m Responding to client with driver.getStatus() result: {"build":{"version":"1.8.1","revision":null}}
[35m[HTTP][39m [37m<-- GET /wd/hub/status [39m[32m200[39m [90m35 ms - 55[39m
[35m[HTTP][39m [90m[39m
[35m[HTTP][39m [37m-->[39m [37mPOST[39m [37m/wd/hub/session[39m
[35m[HTTP][39m [90m{"desiredCapabilities":{"app":"C:\\Users\\Sehati - Bedha\\Downloads\\app-universal-debug (StandAlone).apk","autoGrantPermissions":true,"automationName":"uiautomator2","deviceName":"emulator-5554 (Android SDK built for x86 - Android 7.1.1)","fullReset":true,"newCommandTimeout":1800,"noReset":false,"platform":"ANDROID","platformName":"Android","udid":"emulator-5554"},"capabilities":{"desiredCapabilities":{"app":"C:\\Users\\Sehati - Bedha\\Downloads\\app-universal-debug (StandAlone).apk","autoGrantPermissions":true,"automationName":"uiautomator2","deviceName":"emulator-5554 (Android SDK built for x86 - Android 7.1.1)","fullReset":true,"newCommandTimeout":1800,"noReset":false,"platform":"ANDROID","platformName":"Android","udid":"emulator-5554"},"firstMatch":[{"platformName":"android"}]}}[39m
[debug] [35m[W3C][39m Calling AppiumDriver.createSession() with args: [{"app":"C:\\Users\\Sehati - Bedha\\Downloads\\app-universal-debug (StandAlone).apk","autoGrantPermissions":true,"automationName":"uiautomator2","deviceName":"emulator-5554 (Android SDK built for x86 - Android 7.1.1)","fullReset":true,"newCommandTimeout":1800,"noReset":false,"platform":"ANDROID","platformName":"Android","udid":"emulator-5554"},null,{"desiredCapabilities":{"app":"C:\\Users\\Sehati - Bedha\\Downloads\\app-universal-debug (StandAlone).apk","autoGrantPermissions":true,"automationName":"uiautomator2","deviceName":"emulator-5554 (Android SDK built for x86 - Android 7.1.1)","fullReset":true,"newCommandTimeout":1800,"noReset":false,"platform":"ANDROID","platformName":"Android","udid":"emulator-5554"},"firstMatch":[{"platformName":"android"}]}]
[debug] [35m[BaseDriver][39m Event 'newSessionRequested' logged at 1559100206805 (10:23:26 GMT+0700 (Western Indonesia Time))
[35m[Appium][39m Could not parse W3C capabilities: 'deviceName' can't be blank. Falling back to JSONWP protocol.
[35m[Appium][39m The following capabilities were provided in the JSONWP desired capabilities that are missing in W3C capabilities: ["app","autoGrantPermissions","automationName","deviceName","fullReset","newCommandTimeout","noReset","platform","platformName","udid"]. Falling back to JSONWP protocol.
[35m[Appium][39m Creating new AndroidUiautomator2Driver (v1.12.0) session
[35m[Appium][39m Capabilities:
[35m[Appium][39m   app: C:\Users\Sehati - Bedha\Downloads\app-universal-debug (StandAlone).apk
[35m[Appium][39m   autoGrantPermissions: true
[35m[Appium][39m   automationName: uiautomator2
[35m[Appium][39m   deviceName: emulator-5554 (Android SDK built for x86 - Android 7.1.1)
[35m[Appium][39m   fullReset: true
[35m[Appium][39m   newCommandTimeout: 1800
[35m[Appium][39m   noReset: false
[35m[Appium][39m   platform: ANDROID
[35m[Appium][39m   platformName: Android
[35m[Appium][39m   udid: emulator-5554
[debug] [35m[BaseDriver][39m Creating session with MJSONWP desired capabilities: {"app":"C:\\Users\\Sehati -...
[35m[BaseDriver][39m The following capabilities were provided, but are not recognized by appium: platform.
[35m[BaseDriver][39m Session created with session id: 7ddc419d-bb81-4a33-8809-318f8e9315ab
[35m[BaseDriver][39m Using local app 'C:\Users\Sehati - Bedha\Downloads\app-universal-debug (StandAlone).apk'
[debug] [35m[UiAutomator2][39m Checking whether app is actually present
[debug] [35m[AndroidDriver][39m Getting Java version
[35m[AndroidDriver][39m Java version is: 1.8.0_181
[35m[AndroidDriver][39m Retrieving device list
[debug] [35m[ADB][39m Trying to find a connected android device
[debug] [35m[ADB][39m Getting connected devices...
[debug] [35m[ADB][39m 1 device(s) connected
[35m[AndroidDriver][39m Using device: emulator-5554
[debug] [35m[ADB][39m Setting device id to emulator-5554
[debug] [35m[ADB][39m Running 'C:\Users\Sehati - Bedha\.katalon\tools\android_sdk\platform-tools\adb.exe -P 5037 -s emulator-5554 shell getprop ro.build.version.sdk'
[debug] [35m[ADB][39m Current device property 'ro.build.version.sdk': 25
[debug] [35m[ADB][39m Device API level: 25
[debug] [35m[AndroidDriver][39m Parsing package and activity from app manifest
[35m[ADB][39m Using the alternative activity name detection method because of: Could not find apkanalyzer.bat in C:\Users\Sehati - Bedha\.katalon\tools\android_sdk\platform-tools\apkanalyzer.bat,C:\Users\Sehati - Bedha\.katalon\tools\android_sdk\emulator\apkanalyzer.bat,C:\Users\Sehati - Bedha\.katalon\tools\android_sdk\tools\apkanalyzer.bat,C:\Users\Sehati - Bedha\.katalon\tools\android_sdk\tools\bin\apkanalyzer.bat,C:\Users\Sehati - Bedha\.katalon\tools\android_sdk\build-tools\28.0.3\apkanalyzer.bat. Do you have the Android SDK installed at 'C:\Users\Sehati - Bedha\.katalon\tools\android_sdk'?
[35m[ADB][39m Extracting package and launch activity from manifest
[35m[ADB][39m Package name: 'co.sehati.telectg.android'
[35m[ADB][39m Main activity name: 'co.sehati.telectg.android.TeleCTGActivity'
[debug] [35m[AndroidDriver][39m Parsed package and activity are: co.sehati.telectg.android/co.sehati.telectg.android.TeleCTGActivity
[35m[ADB][39m Getting device platform version
[debug] [35m[ADB][39m Running 'C:\Users\Sehati - Bedha\.katalon\tools\android_sdk\platform-tools\adb.exe -P 5037 -s emulator-5554 shell getprop ro.build.version.release'
[debug] [35m[ADB][39m Current device property 'ro.build.version.release': 7.1.1
[debug] [35m[ADB][39m Running 'C:\Users\Sehati - Bedha\.katalon\tools\android_sdk\platform-tools\adb.exe -P 5037 -s emulator-5554 shell wm size'
[debug] [35m[ADB][39m Running 'C:\Users\Sehati - Bedha\.katalon\tools\android_sdk\platform-tools\adb.exe -P 5037 -s emulator-5554 shell wm density'
[debug] [35m[ADB][39m Running 'C:\Users\Sehati - Bedha\.katalon\tools\android_sdk\platform-tools\adb.exe -P 5037 -s emulator-5554 shell getprop ro.product.model'
[debug] [35m[ADB][39m Current device property 'ro.product.model': Android SDK built for x86
[debug] [35m[ADB][39m Running 'C:\Users\Sehati - Bedha\.katalon\tools\android_sdk\platform-tools\adb.exe -P 5037 -s emulator-5554 shell getprop ro.product.manufacturer'
[debug] [35m[ADB][39m Current device property 'ro.product.manufacturer': Google
[debug] [35m[ADB][39m Device API level: 25
[debug] [35m[ADB][39m Running 'C:\Users\Sehati - Bedha\.katalon\tools\android_sdk\platform-tools\adb.exe -P 5037 -s emulator-5554 shell am force-stop io.appium.uiautomator2.server'
[debug] [35m[UiAutomator2][39m [UIAutomator2] io.appium.uiautomator2.server.test.AppiumUiAutomator2Server:INSTRUMENTATION_RESULT: shortMsg=Process crashed.
[debug] [35m[UiAutomator2][39m [UIAutomator2] INSTRUMENTATION_CODE: 0
[debug] [35m[ADB][39m Checking app cert for C:\Users\Sehati - Bedha\AppData\Roaming\npm\node_modules\appium\node_modules\appium-uiautomator2-server\apks\appium-uiautomator2-server-v1.12.0.apk
[debug] [35m[ADB][39m Starting 'C:\Users\Sehati - Bedha\.katalon\tools\android_sdk\build-tools\28.0.3\apksigner.bat' with args 'verify,--print-certs,C:\Users\Sehati - Bedha\AppData\Roaming\npm\node_modules\appium\node_modules\appium-uiautomator2-server\apks\appium-uiautomator2-server-v1.12.0.apk'
[debug] [35m[ADB][39m 'C:\Users\Sehati - Bedha\AppData\Roaming\npm\node_modules\appium\node_modules\appium-uiautomator2-server\apks\appium-uiautomator2-server-v1.12.0.apk' is not signed with debug cert.
[debug] [35m[ADB][39m Zip-aligning 'C:\Users\Sehati - Bedha\AppData\Roaming\npm\node_modules\appium\node_modules\appium-uiautomator2-server\apks\appium-uiautomator2-server-v1.12.0.apk'
[debug] [35m[ADB][39m Signing 'C:\Users\Sehati - Bedha\AppData\Roaming\npm\node_modules\appium\node_modules\appium-uiautomator2-server\apks\appium-uiautomator2-server-v1.12.0.apk' with default cert
[debug] [35m[ADB][39m Starting 'C:\Users\Sehati - Bedha\.katalon\tools\android_sdk\build-tools\28.0.3\apksigner.bat' with args 'sign,--key,C:\Users\Sehati - Bedha\AppData\Roaming\npm\node_modules\appium\node_modules\appium-adb\keys\testkey.pk8,--cert,C:\Users\Sehati - Bedha\AppData\Roaming\npm\node_modules\appium\node_modules\appium-adb\keys\testkey.x509.pem,C:\Users\Sehati - Bedha\AppData\Roaming\npm\node_modules\appium\node_modules\appium-uiautomator2-server\apks\appium-uiautomator2-server-v1.12.0.apk'
[35m[ADB][39m Cannot use apksigner tool for signing. Defaulting to sign.jar. Original error: Command ''C:\\Users\\Sehati - Bedha\\.katalon\\tools\\android_sdk\\build-tools\\28.0.3\\apksigner.bat' sign --key 'C:\\Users\\Sehati - Bedha\\AppData\\Roaming\\npm\\node_modules\\appium\\node_modules\\appium-adb\\keys\\testkey.pk8' --cert 'C:\\Users\\Sehati - Bedha\\AppData\\Roaming\\npm\\node_modules\\appium\\node_modules\\appium-adb\\keys\\testkey.x509.pem' 'C:\\Users\\Sehati - Bedha\\AppData\\Roaming\\npm\\node_modules\\appium\\node_modules\\appium-uiautomator2-server\\apks\\appium-uiautomator2-server-v1.12.0.apk'' exited with code 1; StdErr: 'C:\Users\Sehati' is not recognized as an internal or external command,
[35m[ADB][39m operable program or batch file.
[35m[ADB][39m 
[debug] [35m[ADB][39m Resigning apk.
[debug] [35m[ADB][39m Checking app cert for C:\Users\Sehati - Bedha\AppData\Roaming\npm\node_modules\appium\node_modules\appium-uiautomator2-server\apks\appium-uiautomator2-server-debug-androidTest.apk
[debug] [35m[ADB][39m Starting 'C:\Users\Sehati - Bedha\.katalon\tools\android_sdk\build-tools\28.0.3\apksigner.bat' with args 'verify,--print-certs,C:\Users\Sehati - Bedha\AppData\Roaming\npm\node_modules\appium\node_modules\appium-uiautomator2-server\apks\appium-uiautomator2-server-debug-androidTest.apk'
[debug] [35m[ADB][39m 'C:\Users\Sehati - Bedha\AppData\Roaming\npm\node_modules\appium\node_modules\appium-uiautomator2-server\apks\appium-uiautomator2-server-debug-androidTest.apk' is not signed with debug cert.
[debug] [35m[ADB][39m Zip-aligning 'C:\Users\Sehati - Bedha\AppData\Roaming\npm\node_modules\appium\node_modules\appium-uiautomator2-server\apks\appium-uiautomator2-server-debug-androidTest.apk'
[debug] [35m[ADB][39m Signing 'C:\Users\Sehati - Bedha\AppData\Roaming\npm\node_modules\appium\node_modules\appium-uiautomator2-server\apks\appium-uiautomator2-server-debug-androidTest.apk' with default cert
[debug] [35m[ADB][39m Starting 'C:\Users\Sehati - Bedha\.katalon\tools\android_sdk\build-tools\28.0.3\apksigner.bat' with args 'sign,--key,C:\Users\Sehati - Bedha\AppData\Roaming\npm\node_modules\appium\node_modules\appium-adb\keys\testkey.pk8,--cert,C:\Users\Sehati - Bedha\AppData\Roaming\npm\node_modules\appium\node_modules\appium-adb\keys\testkey.x509.pem,C:\Users\Sehati - Bedha\AppData\Roaming\npm\node_modules\appium\node_modules\appium-uiautomator2-server\apks\appium-uiautomator2-server-debug-androidTest.apk'
[35m[ADB][39m Cannot use apksigner tool for signing. Defaulting to sign.jar. Original error: Command ''C:\\Users\\Sehati - Bedha\\.katalon\\tools\\android_sdk\\build-tools\\28.0.3\\apksigner.bat' sign --key 'C:\\Users\\Sehati - Bedha\\AppData\\Roaming\\npm\\node_modules\\appium\\node_modules\\appium-adb\\keys\\testkey.pk8' --cert 'C:\\Users\\Sehati - Bedha\\AppData\\Roaming\\npm\\node_modules\\appium\\node_modules\\appium-adb\\keys\\testkey.x509.pem' 'C:\\Users\\Sehati - Bedha\\AppData\\Roaming\\npm\\node_modules\\appium\\node_modules\\appium-uiautomator2-server\\apks\\appium-uiautomator2-server-debug-androidTest.apk'' exited with code 1; StdErr: 'C:\Users\Sehati' is not recognized as an internal or external command,
[35m[ADB][39m operable program or batch file.
[35m[ADB][39m 
[debug] [35m[ADB][39m Resigning apk.
[debug] [35m[ADB][39m Uninstalling io.appium.uiautomator2.server
[debug] [35m[ADB][39m Getting install status for io.appium.uiautomator2.server
[debug] [35m[ADB][39m Running 'C:\Users\Sehati - Bedha\.katalon\tools\android_sdk\platform-tools\adb.exe -P 5037 -s emulator-5554 shell pm list packages io.appium.uiautomator2.server'
[debug] [35m[ADB][39m App is installed
[debug] [35m[ADB][39m Running 'C:\Users\Sehati - Bedha\.katalon\tools\android_sdk\platform-tools\adb.exe -P 5037 -s emulator-5554 shell am force-stop io.appium.uiautomator2.server'
[debug] [35m[ADB][39m Running 'C:\Users\Sehati - Bedha\.katalon\tools\android_sdk\platform-tools\adb.exe -P 5037 -s emulator-5554 uninstall io.appium.uiautomator2.server'
[debug] [35m[ADB][39m 'adb uninstall io.appium.uiautomator2.server' command output: Success
[35m[ADB][39m io.appium.uiautomator2.server was successfully uninstalled
[debug] [35m[ADB][39m Uninstalling io.appium.uiautomator2.server.test
[debug] [35m[ADB][39m Getting install status for io.appium.uiautomator2.server.test
[debug] [35m[ADB][39m Running 'C:\Users\Sehati - Bedha\.katalon\tools\android_sdk\platform-tools\adb.exe -P 5037 -s emulator-5554 shell pm list packages io.appium.uiautomator2.server.test'
[debug] [35m[ADB][39m App is installed
[debug] [35m[ADB][39m Running 'C:\Users\Sehati - Bedha\.katalon\tools\android_sdk\platform-tools\adb.exe -P 5037 -s emulator-5554 shell am force-stop io.appium.uiautomator2.server.test'
[debug] [35m[ADB][39m Running 'C:\Users\Sehati - Bedha\.katalon\tools\android_sdk\platform-tools\adb.exe -P 5037 -s emulator-5554 uninstall io.appium.uiautomator2.server.test'
[debug] [35m[ADB][39m 'adb uninstall io.appium.uiautomator2.server.test' command output: Success
[35m[ADB][39m io.appium.uiautomator2.server.test was successfully uninstalled
[debug] [35m[ADB][39m Getting install status for io.appium.uiautomator2.server
[debug] [35m[ADB][39m Running 'C:\Users\Sehati - Bedha\.katalon\tools\android_sdk\platform-tools\adb.exe -P 5037 -s emulator-5554 shell pm list packages io.appium.uiautomator2.server'
[debug] [35m[ADB][39m App is not installed
[debug] [35m[ADB][39m App 'C:\Users\Sehati - Bedha\AppData\Roaming\npm\node_modules\appium\node_modules\appium-uiautomator2-server\apks\appium-uiautomator2-server-v1.12.0.apk' not installed. Installing
[debug] [35m[ADB][39m Running 'C:\Users\Sehati - Bedha\.katalon\tools\android_sdk\platform-tools\adb.exe -P 5037 -s emulator-5554 install 'C:\\Users\\Sehati - Bedha\\AppData\\Roaming\\npm\\node_modules\\appium\\node_modules\\appium-uiautomator2-server\\apks\\appium-uiautomator2-server-v1.12.0.apk''
[debug] [35m[ADB][39m Install command stdout: Success
[debug] [35m[ADB][39m Getting install status for io.appium.uiautomator2.server.test
[debug] [35m[ADB][39m Running 'C:\Users\Sehati - Bedha\.katalon\tools\android_sdk\platform-tools\adb.exe -P 5037 -s emulator-5554 shell pm list packages io.appium.uiautomator2.server.test'
[debug] [35m[ADB][39m App is not installed
[debug] [35m[ADB][39m App 'C:\Users\Sehati - Bedha\AppData\Roaming\npm\node_modules\appium\node_modules\appium-uiautomator2-server\apks\appium-uiautomator2-server-debug-androidTest.apk' not installed. Installing
[debug] [35m[ADB][39m Running 'C:\Users\Sehati - Bedha\.katalon\tools\android_sdk\platform-tools\adb.exe -P 5037 -s emulator-5554 install 'C:\\Users\\Sehati - Bedha\\AppData\\Roaming\\npm\\node_modules\\appium\\node_modules\\appium-uiautomator2-server\\apks\\appium-uiautomator2-server-debug-androidTest.apk''
[debug] [35m[ADB][39m Install command stdout: Success
[debug] [35m[UiAutomator2][39m Waiting up to 20000ms for instrumentation 'io.appium.uiautomator2.server.test/android.support.test.runner.AndroidJUnitRunner' to be available
[debug] [35m[ADB][39m Running 'C:\Users\Sehati - Bedha\.katalon\tools\android_sdk\platform-tools\adb.exe -P 5037 -s emulator-5554 shell pm list instrumentation'
[debug] [35m[UiAutomator2][39m Instrumentation 'io.appium.uiautomator2.server.test/android.support.test.runner.AndroidJUnitRunner' available
[debug] [35m[ADB][39m Running 'C:\Users\Sehati - Bedha\.katalon\tools\android_sdk\platform-tools\adb.exe -P 5037 -s emulator-5554 wait-for-device'
[debug] [35m[ADB][39m Running 'C:\Users\Sehati - Bedha\.katalon\tools\android_sdk\platform-tools\adb.exe -P 5037 -s emulator-5554 shell echo ping'
[debug] [35m[AndroidDriver][39m Pushing settings apk to device...
[debug] [35m[ADB][39m Getting install status for io.appium.settings
[debug] [35m[ADB][39m Running 'C:\Users\Sehati - Bedha\.katalon\tools\android_sdk\platform-tools\adb.exe -P 5037 -s emulator-5554 shell pm list packages io.appium.settings'
[debug] [35m[ADB][39m App is installed
[debug] [35m[ADB][39m Getting package info for 'io.appium.settings'
[debug] [35m[ADB][39m Running 'C:\Users\Sehati - Bedha\.katalon\tools\android_sdk\platform-tools\adb.exe -P 5037 -s emulator-5554 shell dumpsys package io.appium.settings'
[debug] [35m[ADB][39m The installed 'io.appium.settings' package does not require upgrade ('2.3.0' >= '2.3.0')
[debug] [35m[ADB][39m Running 'C:\Users\Sehati - Bedha\.katalon\tools\android_sdk\platform-tools\adb.exe -P 5037 -s emulator-5554 shell ps'
[debug] [35m[AndroidDriver][39m io.appium.settings is already running. There is no need to reset its permissions.
[debug] [35m[ADB][39m Device API level: 25
[debug] [35m[ADB][39m Running 'C:\Users\Sehati - Bedha\.katalon\tools\android_sdk\platform-tools\adb.exe -P 5037 -s emulator-5554 shell appops set io.appium.settings android\:mock_location allow'
[35m[AndroidDriver][39m setDeviceLanguageCountry requires language or country.
[35m[AndroidDriver][39m Got language: 'null' and country: 'null'
[debug] [35m[Logcat][39m Starting logcat capture
[debug] [35m[AndroidDriver][39m Pushing unlock helper app to device...
[debug] [35m[ADB][39m Getting install status for io.appium.unlock
[debug] [35m[ADB][39m Running 'C:\Users\Sehati - Bedha\.katalon\tools\android_sdk\platform-tools\adb.exe -P 5037 -s emulator-5554 shell pm list packages io.appium.unlock'
[debug] [35m[ADB][39m App is installed
[debug] [35m[ADB][39m Getting package info for 'io.appium.unlock'
[debug] [35m[ADB][39m Running 'C:\Users\Sehati - Bedha\.katalon\tools\android_sdk\platform-tools\adb.exe -P 5037 -s emulator-5554 shell dumpsys package io.appium.unlock'
[debug] [35m[ADB][39m The installed 'io.appium.unlock' package does not require upgrade ('2.0.0' >= '2.0.0')
[debug] [35m[UiAutomator2][39m Forwarding UiAutomator2 Server port 6790 to 8201
[debug] [35m[ADB][39m Forwarding system: 8201 to device: 6790
[debug] [35m[ADB][39m Running 'C:\Users\Sehati - Bedha\.katalon\tools\android_sdk\platform-tools\adb.exe -P 5037 -s emulator-5554 forward tcp\:8201 tcp\:6790'
[debug] [35m[ADB][39m Running 'C:\Users\Sehati - Bedha\.katalon\tools\android_sdk\platform-tools\adb.exe -P 5037 -s emulator-5554 shell rm -rf /data/local/tmp/strings.json'
[debug] [35m[AndroidDriver][39m Extracting strings from apk
[debug] [35m[AndroidDriver][39m C:\Users\Sehati - Bedha\Downloads\app-universal-debug (StandAlone).apk
[debug] [35m[AndroidDriver][39m null
[debug] [35m[AndroidDriver][39m C:\Users\SEHATI~1\AppData\Local\Temp\Katalon\Appium\Temp1559100155739\co.sehati.telectg.android
[debug] [35m[ADB][39m Extracting strings for language: default
[35m[ADB][39m Successfully extracted 282 strings from 'C:\Users\Sehati - Bedha\Downloads\app-universal-debug (StandAlone).apk' resources for '(default)' configuration
[debug] [35m[ADB][39m Running 'C:\Users\Sehati - Bedha\.katalon\tools\android_sdk\platform-tools\adb.exe -P 5037 -s emulator-5554 push C\:\\Users\\SEHATI~1\\AppData\\Local\\Temp\\Katalon\\Appium\\Temp1559100155739\\co.sehati.telectg.android\\strings.json /data/local/tmp'
[debug] [35m[ADB][39m Uninstalling co.sehati.telectg.android
[debug] [35m[ADB][39m Getting install status for co.sehati.telectg.android
[debug] [35m[ADB][39m Running 'C:\Users\Sehati - Bedha\.katalon\tools\android_sdk\platform-tools\adb.exe -P 5037 -s emulator-5554 shell pm list packages co.sehati.telectg.android'
[debug] [35m[ADB][39m App is installed
[debug] [35m[ADB][39m Running 'C:\Users\Sehati - Bedha\.katalon\tools\android_sdk\platform-tools\adb.exe -P 5037 -s emulator-5554 shell am force-stop co.sehati.telectg.android'
[debug] [35m[ADB][39m Running 'C:\Users\Sehati - Bedha\.katalon\tools\android_sdk\platform-tools\adb.exe -P 5037 -s emulator-5554 uninstall co.sehati.telectg.android'
[debug] [35m[ADB][39m 'adb uninstall co.sehati.telectg.android' command output: Success
[35m[ADB][39m co.sehati.telectg.android was successfully uninstalled
[debug] [35m[ADB][39m Checking app cert for C:\Users\Sehati - Bedha\Downloads\app-universal-debug (StandAlone).apk
[debug] [35m[ADB][39m Starting 'C:\Users\Sehati - Bedha\.katalon\tools\android_sdk\build-tools\28.0.3\apksigner.bat' with args 'verify,--print-certs,C:\Users\Sehati - Bedha\Downloads\app-universal-debug (StandAlone).apk'
[debug] [35m[ADB][39m 'C:\Users\Sehati - Bedha\Downloads\app-universal-debug (StandAlone).apk' is not signed with debug cert.
[debug] [35m[ADB][39m Zip-aligning 'C:\Users\Sehati - Bedha\Downloads\app-universal-debug (StandAlone).apk'
[debug] [35m[ADB][39m Signing 'C:\Users\Sehati - Bedha\Downloads\app-universal-debug (StandAlone).apk' with default cert
[debug] [35m[ADB][39m Starting 'C:\Users\Sehati - Bedha\.katalon\tools\android_sdk\build-tools\28.0.3\apksigner.bat' with args 'sign,--key,C:\Users\Sehati - Bedha\AppData\Roaming\npm\node_modules\appium\node_modules\appium-adb\keys\testkey.pk8,--cert,C:\Users\Sehati - Bedha\AppData\Roaming\npm\node_modules\appium\node_modules\appium-adb\keys\testkey.x509.pem,C:\Users\Sehati - Bedha\Downloads\app-universal-debug (StandAlone).apk'
[35m[ADB][39m Cannot use apksigner tool for signing. Defaulting to sign.jar. Original error: Command ''C:\\Users\\Sehati - Bedha\\.katalon\\tools\\android_sdk\\build-tools\\28.0.3\\apksigner.bat' sign --key 'C:\\Users\\Sehati - Bedha\\AppData\\Roaming\\npm\\node_modules\\appium\\node_modules\\appium-adb\\keys\\testkey.pk8' --cert 'C:\\Users\\Sehati - Bedha\\AppData\\Roaming\\npm\\node_modules\\appium\\node_modules\\appium-adb\\keys\\testkey.x509.pem' 'C:\\Users\\Sehati - Bedha\\Downloads\\app-universal-debug (StandAlone).apk'' exited with code 1; StdErr: 'C:\Users\Sehati' is not recognized as an internal or external command,
[35m[ADB][39m operable program or batch file.
[35m[ADB][39m 
[debug] [35m[ADB][39m Resigning apk.
[debug] [35m[ADB][39m Getting install status for co.sehati.telectg.android
[debug] [35m[ADB][39m Running 'C:\Users\Sehati - Bedha\.katalon\tools\android_sdk\platform-tools\adb.exe -P 5037 -s emulator-5554 shell pm list packages co.sehati.telectg.android'
[debug] [35m[ADB][39m App is not installed
[debug] [35m[AndroidDriver][39m Running full reset on 'co.sehati.telectg.android' (reinstall)
[debug] [35m[ADB][39m Device API level: 25
[debug] [35m[ADB][39m Running 'C:\Users\Sehati - Bedha\.katalon\tools\android_sdk\platform-tools\adb.exe -P 5037 -s emulator-5554 install -r -g 'C:\\Users\\Sehati - Bedha\\Downloads\\app-universal-debug (StandAlone).apk''
[debug] [35m[ADB][39m Install command stdout: Success
[debug] [35m[ADB][39m Running 'C:\Users\Sehati - Bedha\.katalon\tools\android_sdk\platform-tools\adb.exe -P 5037 -s emulator-5554 shell am force-stop io.appium.uiautomator2.server'
[35m[UiAutomator2][39m Starting uiautomator2 server 1.12.0
[35m[UiAutomator2][39m Using UIAutomator2 server from 'C:\Users\Sehati - Bedha\AppData\Roaming\npm\node_modules\appium\node_modules\appium-uiautomator2-server\apks\appium-uiautomator2-server-v1.12.0.apk' and test from 'C:\Users\Sehati - Bedha\AppData\Roaming\npm\node_modules\appium\node_modules\appium-uiautomator2-server\apks\appium-uiautomator2-server-debug-androidTest.apk'
[35m[UiAutomator2][39m Running command: 'adb -s emulator-5554 shell am instrument -w io.appium.uiautomator2.server.test/android.support.test.runner.AndroidJUnitRunner'
[35m[UiAutomator2][39m Waiting up to 20000ms for UiAutomator2 to be online...
[debug] [35m[JSONWP Proxy][39m Proxying [GET /status] to [GET http://localhost:8201/wd/hub/status] with no body
[debug] [35m[JSONWP Proxy][39m Proxying [GET /status] to [GET http://localhost:8201/wd/hub/status] with no body
[debug] [35m[JSONWP Proxy][39m Proxying [GET /status] to [GET http://localhost:8201/wd/hub/status] with no body
[debug] [35m[JSONWP Proxy][39m Got response with status 200: "{\"sessionId\":\"SESSIONID\",\"status\":0,\"value\":\"Status Invoked\"}"
[debug] [35m[JSONWP Proxy][39m Proxying [POST /session] to [POST http://localhost:8201/wd/hub/session] with body: {"desiredCapabilities":{"platform":"ANDROID","webStorageEnabled":false,"takesScreenshot":true,"javascriptEnabled":true,"databaseEnabled":false,"networkConnectionEnabled":true,"locationContextEnabled":false,"warnings":{},"desired":{"app":"C:\\Users\\Sehati - Bedha\\Downloads\\app-universal-debug (StandAlone).apk","autoGrantPermissions":true,"automationName":"uiautomator2","deviceName":"emulator-5554 (Android SDK built for x86 - Android 7.1.1)","fullReset":true,"newCommandTimeout":1800,"noReset":false,"platform":"ANDROID","platformName":"Android","udid":"emulator-5554"},"app":"C:\\Users\\Sehati - Bedha\\Downloads\\app-universal-debug (StandAlone).apk","autoGrantPermissions":true,"automationName":"uiautomator2","deviceName":"emulator-5554","fullReset":true,"newCommandTimeout":1800,"noReset":false,"platformName":"Android","udid":"emulator-5554","deviceUDID":"emulator-5554","platformVersion":"7.1.1","deviceScreenSize":"1080x1920","deviceScreenDensity":420,"deviceModel":"Android SDK built for x86","deviceManufac...
[debug] [35m[JSONWP Proxy][39m Got response with status 200: {"sessionId":"6fb04924-abf5-4c49-8570-3fa5063a126d","status":0,"value":"Created Session"}
[debug] [35m[ADB][39m Running 'C:\Users\Sehati - Bedha\.katalon\tools\android_sdk\platform-tools\adb.exe -P 5037 -s emulator-5554 shell dumpsys window'
[35m[AndroidDriver][39m Screen already unlocked, doing nothing
[35m[UiAutomator2][39m UiAutomator2 did not start the activity we were waiting for, 'co.sehati.telectg.android/co.sehati.telectg.android.TeleCTGActivity'. Starting it ourselves
[debug] [35m[ADB][39m Device API level: 25
[debug] [35m[ADB][39m Running 'C:\Users\Sehati - Bedha\.katalon\tools\android_sdk\platform-tools\adb.exe -P 5037 -s emulator-5554 shell am start -W -n co.sehati.telectg.android/co.sehati.telectg.android.TeleCTGActivity -S -a android.intent.action.MAIN -c android.intent.category.LAUNCHER -f 0x10200000'
[debug] [35m[ADB][39m Waiting up to 20000ms for activity matching pkg: 'co.sehati.telectg.android' and activity: 'co.sehati.telectg.android.TeleCTGActivity' to be focused
[debug] [35m[ADB][39m Possible activities, to be checked: 'co.sehati.telectg.android.TeleCTGActivity', 'co.sehati.telectg.android.co.sehati.telectg.android.TeleCTGActivity'
[debug] [35m[ADB][39m Getting focused package and activity
[debug] [35m[ADB][39m Running 'C:\Users\Sehati - Bedha\.katalon\tools\android_sdk\platform-tools\adb.exe -P 5037 -s emulator-5554 shell dumpsys window windows'
[debug] [35m[ADB][39m Found package: 'co.sehati.telectg.android' and fully qualified activity name : 'co.sehati.telectg.android.TeleCTGActivity'
[debug] [35m[JSONWP Proxy][39m Proxying [GET /appium/device/pixel_ratio] to [GET http://localhost:8201/wd/hub/session/6fb04924-abf5-4c49-8570-3fa5063a126d/appium/device/pixel_ratio] with body: {}
[debug] [35m[JSONWP Proxy][39m Got response with status 200: "{\"sessionId\":\"6fb04924-abf5-4c49-8570-3fa5063a126d\",\"status\":0,\"value\":2.625}"
[debug] [35m[JSONWP Proxy][39m Proxying [GET /appium/device/system_bars] to [GET http://localhost:8201/wd/hub/session/6fb04924-abf5-4c49-8570-3fa5063a126d/appium/device/system_bars] with body: {}
[debug] [35m[JSONWP Proxy][39m Got response with status 200: "{\"sessionId\":\"6fb04924-abf5-4c49-8570-3fa5063a126d\",\"status\":0,\"value\":{\"statusBar\":63}}"
[debug] [35m[JSONWP Proxy][39m Proxying [GET /window/current/size] to [GET http://localhost:8201/wd/hub/session/6fb04924-abf5-4c49-8570-3fa5063a126d/window/current/size] with body: {}
[debug] [35m[JSONWP Proxy][39m Got response with status 200: "{\"sessionId\":\"6fb04924-abf5-4c49-8570-3fa5063a126d\",\"status\":0,\"value\":{\"height\":1794,\"width\":1080}}"
[35m[Appium][39m New AndroidUiautomator2Driver session created successfully, session 7ddc419d-bb81-4a33-8809-318f8e9315ab added to master session list
[debug] [35m[BaseDriver][39m Event 'newSessionStarted' logged at 1559100243766 (10:24:03 GMT+0700 (Western Indonesia Time))
[debug] [35m[MJSONWP][39m Responding to client with driver.createSession() result: {"platform":"ANDROID","webStorageEnabled":false,"takesScreenshot":true,"javascriptEnabled":true,"databaseEnabled":false,"networkConnectionEnabled":true,"locationContextEnabled":false,"warnings":{},"desired":{"app":"C:\\Users\\Sehati - Bedha\\Downloads\\app-universal-debug (StandAlone).apk","autoGrantPermissions":true,"automationName":"uiautomator2","deviceName":"emulator-5554 (Android SDK built for x86 - Android 7.1.1)","fullReset":true,"newCommandTimeout":1800,"noReset":false,"platform":"ANDROID","platformName":"Android","udid":"emulator-5554"},"app":"C:\\Users\\Sehati - Bedha\\Downloads\\app-universal-debug (StandAlone).apk","autoGrantPermissions":true,"automationName":"uiautomator2","deviceName":"emulator-5554","fullReset":true,"newCommandTimeout":1800,"noReset":false,"platformName":"Android","udid":"emulator-5554","deviceUDID":"emulator-5554","platformVersion":"7.1.1","deviceScreenSize":"1080x1920","deviceScreenDensity":420,"deviceModel":"Android SDK built for x86","deviceManufacturer":"Google","device...
[35m[HTTP][39m [37m<-- POST /wd/hub/session [39m[32m200[39m [90m36962 ms - 1247[39m
[35m[HTTP][39m [90m[39m
[35m[HTTP][39m [37m-->[39m [37mGET[39m [37m/wd/hub/status[39m
[35m[HTTP][39m [90m{}[39m
[debug] [35m[W3C][39m Calling AppiumDriver.getStatus() with args: []
[debug] [35m[W3C][39m Responding to client with driver.getStatus() result: {"build":{"version":"1.8.1","revision":null}}
[35m[HTTP][39m [37m<-- GET /wd/hub/status [39m[32m200[39m [90m36 ms - 55[39m
[35m[HTTP][39m [90m[39m
[35m[HTTP][39m [37m-->[39m [37mPOST[39m [37m/wd/hub/session/7ddc419d-bb81-4a33-8809-318f8e9315ab/timeouts[39m
[35m[HTTP][39m [90m{"type":"implicit","ms":30000}[39m
[debug] [35m[W3C][39m Bad parameters: BadParametersError: Parameters were incorrect. We wanted "W3C protocol expects any of script, pageLoad or implicit to be set" and you sent {"type":"implicit","ms":30000}
[35m[HTTP][39m [37m<-- POST /wd/hub/session/7ddc419d-bb81-4a33-8809-318f8e9315ab/timeouts [39m[33m400[39m [90m3 ms - 5492[39m
[35m[HTTP][39m [90m[39m
[35m[HTTP][39m [37m-->[39m [37mGET[39m [37m/wd/hub/session/7ddc419d-bb81-4a33-8809-318f8e9315ab/context[39m
[35m[HTTP][39m [90m{}[39m
[debug] [35m[W3C][39m Calling AppiumDriver.getCurrentContext() with args: ["7ddc419d-bb81-4a33-8809-318f8e9315ab"]
[debug] [35m[MJSONWP][39m Responding to client with driver.getCurrentContext() result: "NATIVE_APP"
[35m[HTTP][39m [37m<-- GET /wd/hub/session/7ddc419d-bb81-4a33-8809-318f8e9315ab/context [39m[32m200[39m [90m3 ms - 84[39m
[35m[HTTP][39m [90m[39m
[35m[HTTP][39m [37m-->[39m [37mGET[39m [37m/wd/hub/session/7ddc419d-bb81-4a33-8809-318f8e9315ab/contexts[39m
[35m[HTTP][39m [90m{}[39m
[debug] [35m[W3C][39m Calling AppiumDriver.getContexts() with args: ["7ddc419d-bb81-4a33-8809-318f8e9315ab"]
[debug] [35m[AndroidDriver][39m Getting a list of available webviews
[debug] [35m[ADB][39m Running 'C:\Users\Sehati - Bedha\.katalon\tools\android_sdk\platform-tools\adb.exe -P 5037 -s emulator-5554 shell cat /proc/net/unix'
[debug] [35m[AndroidDriver][39m Found webviews: []
[debug] [35m[AndroidDriver][39m Available contexts: ["NATIVE_APP"]
[debug] [35m[MJSONWP][39m Responding to client with driver.getContexts() result: ["NATIVE_APP"]
[35m[HTTP][39m [37m<-- GET /wd/hub/session/7ddc419d-bb81-4a33-8809-318f8e9315ab/contexts [39m[32m200[39m [90m43 ms - 86[39m
[35m[HTTP][39m [90m[39m
[35m[HTTP][39m [37m-->[39m [37mPOST[39m [37m/wd/hub/session/7ddc419d-bb81-4a33-8809-318f8e9315ab/context[39m
[35m[HTTP][39m [90m{"name":"NATIVE_APP"}[39m
[debug] [35m[W3C][39m Calling AppiumDriver.setContext() with args: ["NATIVE_APP","7ddc419d-bb81-4a33-8809-318f8e9315ab"]
[debug] [35m[AndroidDriver][39m Getting a list of available webviews
[debug] [35m[ADB][39m Running 'C:\Users\Sehati - Bedha\.katalon\tools\android_sdk\platform-tools\adb.exe -P 5037 -s emulator-5554 shell cat /proc/net/unix'
[debug] [35m[AndroidDriver][39m Found webviews: []
[debug] [35m[AndroidDriver][39m Available contexts: ["NATIVE_APP"]
[debug] [35m[MJSONWP][39m Responding to client with driver.setContext() result: null
[35m[HTTP][39m [37m<-- POST /wd/hub/session/7ddc419d-bb81-4a33-8809-318f8e9315ab/context [39m[32m200[39m [90m55 ms - 76[39m
[35m[HTTP][39m [90m[39m
[35m[HTTP][39m [37m-->[39m [37mGET[39m [37m/wd/hub/session/7ddc419d-bb81-4a33-8809-318f8e9315ab/screenshot[39m
[35m[HTTP][39m [90m{}[39m
[debug] [35m[W3C][39m Calling AppiumDriver.getScreenshot() with args: ["7ddc419d-bb81-4a33-8809-318f8e9315ab"]
[debug] [35m[JSONWP Proxy][39m Proxying [GET /screenshot] to [GET http://localhost:8201/wd/hub/session/6fb04924-abf5-4c49-8570-3fa5063a126d/screenshot] with no body
[debug] [35m[JSONWP Proxy][39m Got response with status 200: "{\"sessionId\":\"6fb04924-abf5-4c49-8570-3fa5063a126d\",\"status\":0,\"value\":\"iVBORw0KGgoAAAANSUhEUgAABDgAAAeACAIAAACkA3BdAAAAA3NCSVQICAjb4U\\/gAAAgAElEQVR4\\nnOzdfVyU953v\\/0tgmAGEGVAGFYRBE0gCQTCKaeINmqq5qRHbpLexwW7bbXt6NqTbs+e329OK7W67\\n3d2zwbPZbXuarbg129h4WgzZpmKreJNUiZGRogkY5EZAZxC5BhiYYQB\\/f0wdL66B4ZphhrnA1\\/Ox\\nf8wM37nmO6SbXG++38\\/nO0\\/4y28KAAAAAKAmEeGeAAAAAADIEVQAAAAAqA5BBQAAAIDqEFQAAAAA\\nqA5BBQAAAIDqEFQAAAAAqA5BBQAAAIDqEFQAAAAAqA5BBQAAAIDqEFQAAAAAqA5BBQAAAIDqRIV7\\nAgAAAAiQKSlREITWm73hnkjgNJGRrtHR4F7zB08+uXppmo8Bv7xQf6i+\\/ubgYHA\\/F8FFUAEAAFA7\\nU1LiisVL8lOXFC1fboiJyV+yZMJh5q4ucWioprnZ3Nl14VqX+gNM\\/pIlV0WxJ9iBYfXStMfuvdfH\\ngEsW63+9\\/35wPxRBNxNBxRATsywpKUajud7f32GzDY+O3rp1y68r6KKiFiXEd9r6gh64AQAAVGt7\\nTk5xbm7R8uXulZMpuQNM0fLl7qetN3trmpsrGxoOX7wYwlkGKn\\/JkqUGw1VRDPdEoFLzhL\\/8Zkg\\/\\nwBATs3vL5s8WFOh1uqbu7jcuXjp44cIHVqvyyBGj0XyhcPXOhx76yR\\/OvGY2D7lcIZ0wAABAeOUv\\nWfLCunXFuTmGmJigXFAcGqpsuLjnaLV61ljcKUUQhHdaW6e5ouK90WvFkiUL4+J8vKWtt7ddFIdH\\nRjyvsBlMhUK+orI5694vrF6doNMJgvDg4sUPLl787I...
[debug] [35m[MJSONWP][39m Responding to client with driver.getScreenshot() result: "iVBORw0KGgoAAAANSUhEUgAABDgAAAeACAIAAACkA3BdAAAAA3NCSVQICAjb4U/gAAAgAElEQVR4\nnOzdfVyU953v/0tgmAGEGVAGFYRBE0gCQTCKaeINmqq5qRHbpLexwW7bbXt6NqTbs+e329OK7W67\n3d2zwbPZbXuarbg129h4WgzZpmKreJNUiZGRogkY5EZAZxC5BhiYYQB/f0wdL66B4ZphhrnA1/Ox\nf8wM37nmO6SbXG++38/nO0/4y28KAAAAAKAmEeGeAAAAAADIEVQAAAAAqA5BBQAAAIDqEFQAAAAA\nqA5BBQAAAIDqEFQAAAAAqA5BBQAAAIDqEFQAAAAAqA5BBQAAAIDqEFQAAAAAqA5BBQAAAIDqRIV7\nAgAAAAiQKSlREITWm73hnkjgNJGRrtHR4F7zB08+uXppmo8Bv7xQf6i+/ubgYHA/F8FFUAEAAFA7\nU1LiisVL8lOXFC1fboiJyV+yZMJh5q4ucWioprnZ3Nl14VqX+gNM/pIlV0WxJ9iBYfXStMfuvdfH\ngEsW63+9/35wPxRBNxNBxRATsywpKUajud7f32GzDY+O3rp1y68r6KKiFiXEd9r6gh64AQAAVGt7\nTk5xbm7R8uXulZMpuQNM0fLl7qetN3trmpsrGxoOX7wYwlkGKn/JkqUGw1VRDPdEoFLzhL/8Zkg/\nwBATs3vL5s8WFOh1uqbu7jcuXjp44cIHVqvyyBGj0XyhcPXOhx76yR/OvGY2D7lcIZ0wAABAeOUv\nWfLCunXFuTmGmJigXFAcGqpsuLjnaLV61ljcKUUQhHdaW6e5ouK90WvFkiUL4+J8vKWtt7ddFIdH\nRjyvsBlMhUK+orI5694vrF6doNMJgvDg4sUPLl787Iq8fe+++8rZ2ht2+5Rvj9Vo/tujj37/ySei\nIiKyk5MFQThw/jzrKgAAYE4qzs19Yd1az5JIsBhiYkpWrypZvaqmuXlP9dGa5ubgXt9fnpQSFFNu\n9PKWkZ...
[35m[HTTP][39m [37m<-- GET /wd/hub/session/7ddc419d-bb81-4a33-8809-318f8e9315ab/screenshot [39m[32m200[39m [90m380 ms - 72064[39m
[35m[HTTP][39m [90m[39m
[35m[HTTP][39m [37m-->[39m [37mPOST[39m [37m/wd/hub/session/7ddc419d-bb81-4a33-8809-318f8e9315ab/context[39m
[35m[HTTP][39m [90m{"name":"NATIVE_APP"}[39m
[debug] [35m[W3C][39m Calling AppiumDriver.setContext() with args: ["NATIVE_APP","7ddc419d-bb81-4a33-8809-318f8e9315ab"]
[debug] [35m[AndroidDriver][39m Getting a list of available webviews
[debug] [35m[ADB][39m Running 'C:\Users\Sehati - Bedha\.katalon\tools\android_sdk\platform-tools\adb.exe -P 5037 -s emulator-5554 shell cat /proc/net/unix'
[debug] [35m[AndroidDriver][39m Found webviews: []
[debug] [35m[AndroidDriver][39m Available contexts: ["NATIVE_APP"]
[debug] [35m[MJSONWP][39m Responding to client with driver.setContext() result: null
[35m[HTTP][39m [37m<-- POST /wd/hub/session/7ddc419d-bb81-4a33-8809-318f8e9315ab/context [39m[32m200[39m [90m46 ms - 76[39m
[35m[HTTP][39m [90m[39m
[35m[HTTP][39m [37m-->[39m [37mDELETE[39m [37m/wd/hub/session/7ddc419d-bb81-4a33-8809-318f8e9315ab[39m
[35m[HTTP][39m [90m{}[39m
[debug] [35m[W3C][39m Calling AppiumDriver.deleteSession() with args: ["7ddc419d-bb81-4a33-8809-318f8e9315ab"]
[debug] [35m[BaseDriver][39m Event 'quitSessionRequested' logged at 1559100244424 (10:24:04 GMT+0700 (Western Indonesia Time))
[35m[Appium][39m Removing session 7ddc419d-bb81-4a33-8809-318f8e9315ab from our master session list
[debug] [35m[UiAutomator2][39m Deleting UiAutomator2 session
[debug] [35m[UiAutomator2][39m Deleting UiAutomator2 server session
[debug] [35m[JSONWP Proxy][39m Proxying [DELETE /] to [DELETE http://localhost:8201/wd/hub/session/6fb04924-abf5-4c49-8570-3fa5063a126d] with no body
[debug] [35m[JSONWP Proxy][39m Got response with status 200: "{\"sessionId\":\"6fb04924-abf5-4c49-8570-3fa5063a126d\",\"status\":0,\"value\":\"Session deleted\"}"
[debug] [35m[ADB][39m Running 'C:\Users\Sehati - Bedha\.katalon\tools\android_sdk\platform-tools\adb.exe -P 5037 -s emulator-5554 shell am force-stop co.sehati.telectg.android'
[debug] [35m[UiAutomator2][39m [UIAutomator2] io.appium.uiautomator2.server.test.AppiumUiAutomator2Server:.
[debug] [35m[UiAutomator2][39m [UIAutomator2] Time: 4.029
[debug] [35m[UiAutomator2][39m [UIAutomator2] OK (1 test)
[debug] [35m[UiAutomator2][39m Capability 'fullReset' set to 'true', Uninstalling 'co.sehati.telectg.android'
[debug] [35m[ADB][39m Uninstalling co.sehati.telectg.android
[debug] [35m[ADB][39m Getting install status for co.sehati.telectg.android
[debug] [35m[ADB][39m Running 'C:\Users\Sehati - Bedha\.katalon\tools\android_sdk\platform-tools\adb.exe -P 5037 -s emulator-5554 shell pm list packages co.sehati.telectg.android'
[debug] [35m[ADB][39m App is installed
[debug] [35m[ADB][39m Running 'C:\Users\Sehati - Bedha\.katalon\tools\android_sdk\platform-tools\adb.exe -P 5037 -s emulator-5554 shell am force-stop co.sehati.telectg.android'
[debug] [35m[ADB][39m Running 'C:\Users\Sehati - Bedha\.katalon\tools\android_sdk\platform-tools\adb.exe -P 5037 -s emulator-5554 uninstall co.sehati.telectg.android'
[debug] [35m[ADB][39m 'adb uninstall co.sehati.telectg.android' command output: Success
[35m[ADB][39m co.sehati.telectg.android was successfully uninstalled
[debug] [35m[Logcat][39m Stopping logcat capture
[debug] [35m[ADB][39m Removing forwarded port socket connection: 8201 
[debug] [35m[ADB][39m Running 'C:\Users\Sehati - Bedha\.katalon\tools\android_sdk\platform-tools\adb.exe -P 5037 -s emulator-5554 forward --remove tcp\:8201'
[debug] [35m[BaseDriver][39m Event 'quitSessionFinished' logged at 1559100245827 (10:24:05 GMT+0700 (Western Indonesia Time))
[debug] [35m[MJSONWP][39m Received response: null
[debug] [35m[MJSONWP][39m But deleting session, so not returning
[debug] [35m[MJSONWP][39m Responding to client with driver.deleteSession() result: null
[35m[HTTP][39m [37m<-- DELETE /wd/hub/session/7ddc419d-bb81-4a33-8809-318f8e9315ab [39m[32m200[39m [90m1404 ms - 76[39m
[35m[HTTP][39m [90m[39m
